<?xml version="1.0" encoding="UTF-8"?>
<testsuite name="smpl.ordering.UtilityTest" tests="2" skipped="0" failures="0" errors="0" timestamp="2018-10-17T00:19:46" hostname="ip-172-31-88-123.ec2.internal" time="0.702">
  <properties/>
  <testcase name="testGetTelemetryClient" classname="smpl.ordering.UtilityTest" time="0.001"/>
  <testcase name="testIsNullOrEmpty" classname="smpl.ordering.UtilityTest" time="0.0"/>
  <system-out><![CDATA[00:19:42.126 [Test worker] DEBUG o.s.core.env.StandardEnvironment - Adding [systemProperties] PropertySource with lowest search precedence
00:19:42.139 [Test worker] DEBUG o.s.core.env.StandardEnvironment - Adding [systemEnvironment] PropertySource with lowest search precedence
00:19:42.139 [Test worker] DEBUG o.s.core.env.StandardEnvironment - Initialized StandardEnvironment with PropertySources [systemProperties,systemEnvironment]
00:19:42.160 [Test worker] DEBUG o.s.c.a.ClassPathBeanDefinitionScanner - JSR-250 'javax.annotation.ManagedBean' found and supported for component scanning
00:19:42.192 [Test worker] INFO  o.s.c.a.AnnotationConfigApplicationContext - Refreshing org.springframework.context.annotation.AnnotationConfigApplicationContext@6ac47dcc: startup date [Wed Oct 17 00:19:42 UTC 2018]; root of context hierarchy
00:19:42.193 [Test worker] DEBUG o.s.c.a.AnnotationConfigApplicationContext - Bean factory for org.springframework.context.annotation.AnnotationConfigApplicationContext@6ac47dcc: org.springframework.beans.factory.support.DefaultListableBeanFactory@7833d578: defining beans [org.springframework.context.annotation.internalConfigurationAnnotationProcessor,org.springframework.context.annotation.internalAutowiredAnnotationProcessor,org.springframework.context.annotation.internalRequiredAnnotationProcessor,org.springframework.context.annotation.internalCommonAnnotationProcessor,testOrderingConfiguration]; root of factory hierarchy
00:19:42.206 [Test worker] DEBUG o.s.b.f.s.DefaultListableBeanFactory - Creating shared instance of singleton bean 'org.springframework.context.annotation.internalConfigurationAnnotationProcessor'
00:19:42.206 [Test worker] DEBUG o.s.b.f.s.DefaultListableBeanFactory - Creating instance of bean 'org.springframework.context.annotation.internalConfigurationAnnotationProcessor'
00:19:42.219 [Test worker] DEBUG o.s.b.f.s.DefaultListableBeanFactory - Eagerly caching bean 'org.springframework.context.annotation.internalConfigurationAnnotationProcessor' to allow for resolving potential circular references
00:19:42.221 [Test worker] DEBUG o.s.b.f.s.DefaultListableBeanFactory - Finished creating instance of bean 'org.springframework.context.annotation.internalConfigurationAnnotationProcessor'
00:19:42.235 [Test worker] DEBUG o.s.core.env.StandardEnvironment - Adding [systemProperties] PropertySource with lowest search precedence
00:19:42.235 [Test worker] DEBUG o.s.core.env.StandardEnvironment - Adding [systemEnvironment] PropertySource with lowest search precedence
00:19:42.235 [Test worker] DEBUG o.s.core.env.StandardEnvironment - Initialized StandardEnvironment with PropertySources [systemProperties,systemEnvironment]
00:19:42.235 [Test worker] DEBUG o.s.c.a.ClassPathBeanDefinitionScanner - JSR-250 'javax.annotation.ManagedBean' found and supported for component scanning
00:19:42.240 [Test worker] DEBUG o.s.c.i.s.PathMatchingResourcePatternResolver - Looking for matching resources in directory tree [/opt/Projects/PartsUnlimitedMRP/src/Backend/OrderService/build/classes/test/smpl/ordering]
00:19:42.240 [Test worker] DEBUG o.s.c.i.s.PathMatchingResourcePatternResolver - Searching directory [/opt/Projects/PartsUnlimitedMRP/src/Backend/OrderService/build/classes/test/smpl/ordering] for files matching pattern [/opt/Projects/PartsUnlimitedMRP/src/Backend/OrderService/build/classes/test/smpl/ordering/**/*.class]
00:19:42.242 [Test worker] DEBUG o.s.c.i.s.PathMatchingResourcePatternResolver - Searching directory [/opt/Projects/PartsUnlimitedMRP/src/Backend/OrderService/build/classes/test/smpl/ordering/controllers] for files matching pattern [/opt/Projects/PartsUnlimitedMRP/src/Backend/OrderService/build/classes/test/smpl/ordering/**/*.class]
00:19:42.242 [Test worker] DEBUG o.s.c.i.s.PathMatchingResourcePatternResolver - Searching directory [/opt/Projects/PartsUnlimitedMRP/src/Backend/OrderService/build/classes/test/smpl/ordering/repositories] for files matching pattern [/opt/Projects/PartsUnlimitedMRP/src/Backend/OrderService/build/classes/test/smpl/ordering/**/*.class]
00:19:42.243 [Test worker] DEBUG o.s.c.i.s.PathMatchingResourcePatternResolver - Searching directory [/opt/Projects/PartsUnlimitedMRP/src/Backend/OrderService/build/classes/test/smpl/ordering/repositories/mock] for files matching pattern [/opt/Projects/PartsUnlimitedMRP/src/Backend/OrderService/build/classes/test/smpl/ordering/**/*.class]
00:19:42.243 [Test worker] DEBUG o.s.c.i.s.PathMatchingResourcePatternResolver - Searching directory [/opt/Projects/PartsUnlimitedMRP/src/Backend/OrderService/build/classes/test/smpl/ordering/repositories/mock/test] for files matching pattern [/opt/Projects/PartsUnlimitedMRP/src/Backend/OrderService/build/classes/test/smpl/ordering/**/*.class]
00:19:42.243 [Test worker] DEBUG o.s.c.i.s.PathMatchingResourcePatternResolver - Searching directory [/opt/Projects/PartsUnlimitedMRP/src/Backend/OrderService/build/classes/test/smpl/ordering/repositories/mongodb] for files matching pattern [/opt/Projects/PartsUnlimitedMRP/src/Backend/OrderService/build/classes/test/smpl/ordering/**/*.class]
00:19:42.243 [Test worker] DEBUG o.s.c.i.s.PathMatchingResourcePatternResolver - Searching directory [/opt/Projects/PartsUnlimitedMRP/src/Backend/OrderService/build/classes/test/smpl/ordering/repositories/mongodb/test] for files matching pattern [/opt/Projects/PartsUnlimitedMRP/src/Backend/OrderService/build/classes/test/smpl/ordering/**/*.class]
00:19:42.247 [Test worker] DEBUG o.s.c.i.s.PathMatchingResourcePatternResolver - Looking for matching resources in directory tree [/opt/Projects/PartsUnlimitedMRP/src/Backend/OrderService/build/classes/main/smpl/ordering]
00:19:42.247 [Test worker] DEBUG o.s.c.i.s.PathMatchingResourcePatternResolver - Searching directory [/opt/Projects/PartsUnlimitedMRP/src/Backend/OrderService/build/classes/main/smpl/ordering] for files matching pattern [/opt/Projects/PartsUnlimitedMRP/src/Backend/OrderService/build/classes/main/smpl/ordering/**/*.class]
00:19:42.247 [Test worker] DEBUG o.s.c.i.s.PathMatchingResourcePatternResolver - Searching directory [/opt/Projects/PartsUnlimitedMRP/src/Backend/OrderService/build/classes/main/smpl/ordering/repositories] for files matching pattern [/opt/Projects/PartsUnlimitedMRP/src/Backend/OrderService/build/classes/main/smpl/ordering/**/*.class]
00:19:42.248 [Test worker] DEBUG o.s.c.i.s.PathMatchingResourcePatternResolver - Searching directory [/opt/Projects/PartsUnlimitedMRP/src/Backend/OrderService/build/classes/main/smpl/ordering/repositories/mock] for files matching pattern [/opt/Projects/PartsUnlimitedMRP/src/Backend/OrderService/build/classes/main/smpl/ordering/**/*.class]
00:19:42.248 [Test worker] DEBUG o.s.c.i.s.PathMatchingResourcePatternResolver - Searching directory [/opt/Projects/PartsUnlimitedMRP/src/Backend/OrderService/build/classes/main/smpl/ordering/repositories/mongodb] for files matching pattern [/opt/Projects/PartsUnlimitedMRP/src/Backend/OrderService/build/classes/main/smpl/ordering/**/*.class]
00:19:42.248 [Test worker] DEBUG o.s.c.i.s.PathMatchingResourcePatternResolver - Searching directory [/opt/Projects/PartsUnlimitedMRP/src/Backend/OrderService/build/classes/main/smpl/ordering/repositories/mongodb/models] for files matching pattern [/opt/Projects/PartsUnlimitedMRP/src/Backend/OrderService/build/classes/main/smpl/ordering/**/*.class]
00:19:42.249 [Test worker] DEBUG o.s.c.i.s.PathMatchingResourcePatternResolver - Searching directory [/opt/Projects/PartsUnlimitedMRP/src/Backend/OrderService/build/classes/main/smpl/ordering/models] for files matching pattern [/opt/Projects/PartsUnlimitedMRP/src/Backend/OrderService/build/classes/main/smpl/ordering/**/*.class]
00:19:42.250 [Test worker] DEBUG o.s.c.i.s.PathMatchingResourcePatternResolver - Searching directory [/opt/Projects/PartsUnlimitedMRP/src/Backend/OrderService/build/classes/main/smpl/ordering/controllers] for files matching pattern [/opt/Projects/PartsUnlimitedMRP/src/Backend/OrderService/build/classes/main/smpl/ordering/**/*.class]
00:19:42.253 [Test worker] DEBUG o.s.c.i.s.PathMatchingResourcePatternResolver - Resolved location pattern [classpath*:smpl/ordering/**/*.class] to resources [file [/opt/Projects/PartsUnlimitedMRP/src/Backend/OrderService/build/classes/test/smpl/ordering/ConfigurationRule.class], file [/opt/Projects/PartsUnlimitedMRP/src/Backend/OrderService/build/classes/test/smpl/ordering/TestOrderingConfiguration.class], file [/opt/Projects/PartsUnlimitedMRP/src/Backend/OrderService/build/classes/test/smpl/ordering/UtilityTest.class], file [/opt/Projects/PartsUnlimitedMRP/src/Backend/OrderService/build/classes/test/smpl/ordering/controllers/CatalogControllerTest.class], file [/opt/Projects/PartsUnlimitedMRP/src/Backend/OrderService/build/classes/test/smpl/ordering/controllers/DealerControllerTest.class], file [/opt/Projects/PartsUnlimitedMRP/src/Backend/OrderService/build/classes/test/smpl/ordering/controllers/OrderControllerTest.class], file [/opt/Projects/PartsUnlimitedMRP/src/Backend/OrderService/build/classes/test/smpl/ordering/controllers/QuoteControllerTest.class], file [/opt/Projects/PartsUnlimitedMRP/src/Backend/OrderService/build/classes/test/smpl/ordering/controllers/ShipmentControllerTest.class], file [/opt/Projects/PartsUnlimitedMRP/src/Backend/OrderService/build/classes/test/smpl/ordering/repositories/CatalogItemsRepositoryTest.class], file [/opt/Projects/PartsUnlimitedMRP/src/Backend/OrderService/build/classes/test/smpl/ordering/repositories/DealersRepositoryTest.class], file [/opt/Projects/PartsUnlimitedMRP/src/Backend/OrderService/build/classes/test/smpl/ordering/repositories/OrderRepositoryTest.class], file [/opt/Projects/PartsUnlimitedMRP/src/Backend/OrderService/build/classes/test/smpl/ordering/repositories/QuoteRepositoryTest.class], file [/opt/Projects/PartsUnlimitedMRP/src/Backend/OrderService/build/classes/test/smpl/ordering/repositories/ShipmentRepositoryTest.class], file [/opt/Projects/PartsUnlimitedMRP/src/Backend/OrderService/build/classes/test/smpl/ordering/repositories/mock/test/MockCatalogItemsRepositoryTest.class], file [/opt/Projects/PartsUnlimitedMRP/src/Backend/OrderService/build/classes/test/smpl/ordering/repositories/mock/test/MockDealersRepositoryTest.class], file [/opt/Projects/PartsUnlimitedMRP/src/Backend/OrderService/build/classes/test/smpl/ordering/repositories/mock/test/MockOrderRepositoryTest.class], file [/opt/Projects/PartsUnlimitedMRP/src/Backend/OrderService/build/classes/test/smpl/ordering/repositories/mock/test/MockQuoteRepositoryTest.class], file [/opt/Projects/PartsUnlimitedMRP/src/Backend/OrderService/build/classes/test/smpl/ordering/repositories/mock/test/MockShipmentRepositoryTest.class], file [/opt/Projects/PartsUnlimitedMRP/src/Backend/OrderService/build/classes/test/smpl/ordering/repositories/mongodb/test/IntegrationTests.class], file [/opt/Projects/PartsUnlimitedMRP/src/Backend/OrderService/build/classes/test/smpl/ordering/repositories/mongodb/test/MongoCatalogItemsRepositoryTest.class], file [/opt/Projects/PartsUnlimitedMRP/src/Backend/OrderService/build/classes/test/smpl/ordering/repositories/mongodb/test/MongoDealersRepositoryTest.class], file [/opt/Projects/PartsUnlimitedMRP/src/Backend/OrderService/build/classes/test/smpl/ordering/repositories/mongodb/test/MongoOrderRepositoryTest.class], file [/opt/Projects/PartsUnlimitedMRP/src/Backend/OrderService/build/classes/test/smpl/ordering/repositories/mongodb/test/MongoQuoteRepositoryTest.class], file [/opt/Projects/PartsUnlimitedMRP/src/Backend/OrderService/build/classes/test/smpl/ordering/repositories/mongodb/test/MongoShipmentRepositoryTest.class], file [/opt/Projects/PartsUnlimitedMRP/src/Backend/OrderService/build/classes/main/smpl/ordering/AppInsightsFilter.class], file [/opt/Projects/PartsUnlimitedMRP/src/Backend/OrderService/build/classes/main/smpl/ordering/BadRequestException.class], file [/opt/Projects/PartsUnlimitedMRP/src/Backend/OrderService/build/classes/main/smpl/ordering/ConflictingRequestException.class], file [/opt/Projects/PartsUnlimitedMRP/src/Backend/OrderService/build/classes/main/smpl/ordering/MongoDBProperties.class], file [/opt/Projects/PartsUnlimitedMRP/src/Backend/OrderService/build/classes/main/smpl/ordering/OrderingConfiguration.class], file [/opt/Projects/PartsUnlimitedMRP/src/Backend/OrderService/build/classes/main/smpl/ordering/repositories/RepositoryFactory$Repositories.class], file [/opt/Projects/PartsUnlimitedMRP/src/Backend/OrderService/build/classes/main/smpl/ordering/repositories/RepositoryFactory$1.class], file [/opt/Projects/PartsUnlimitedMRP/src/Backend/OrderService/build/classes/main/smpl/ordering/repositories/RepositoryFactory.class], file [/opt/Projects/PartsUnlimitedMRP/src/Backend/OrderService/build/classes/main/smpl/ordering/repositories/CatalogItemsRepository.class], file [/opt/Projects/PartsUnlimitedMRP/src/Backend/OrderService/build/classes/main/smpl/ordering/repositories/DealersRepository.class], file [/opt/Projects/PartsUnlimitedMRP/src/Backend/OrderService/build/classes/main/smpl/ordering/repositories/OrderRepository.class], file [/opt/Projects/PartsUnlimitedMRP/src/Backend/OrderService/build/classes/main/smpl/ordering/repositories/QuoteRepository.class], file [/opt/Projects/PartsUnlimitedMRP/src/Backend/OrderService/build/classes/main/smpl/ordering/repositories/ShipmentRepository.class], file [/opt/Projects/PartsUnlimitedMRP/src/Backend/OrderService/build/classes/main/smpl/ordering/repositories/mock/MockCatalogItemsRepository.class], file [/opt/Projects/PartsUnlimitedMRP/src/Backend/OrderService/build/classes/main/smpl/ordering/repositories/mock/MockDealersRepository.class], file [/opt/Projects/PartsUnlimitedMRP/src/Backend/OrderService/build/classes/main/smpl/ordering/repositories/mock/MockOrderRepository.class], file [/opt/Projects/PartsUnlimitedMRP/src/Backend/OrderService/build/classes/main/smpl/ordering/repositories/mock/MockQuoteRepository.class], file [/opt/Projects/PartsUnlimitedMRP/src/Backend/OrderService/build/classes/main/smpl/ordering/repositories/mock/MockShipmentRepository.class], file [/opt/Projects/PartsUnlimitedMRP/src/Backend/OrderService/build/classes/main/smpl/ordering/repositories/mongodb/MongoCatalogItemsRepository.class], file [/opt/Projects/PartsUnlimitedMRP/src/Backend/OrderService/build/classes/main/smpl/ordering/repositories/mongodb/models/CatalogItem.class], file [/opt/Projects/PartsUnlimitedMRP/src/Backend/OrderService/build/classes/main/smpl/ordering/repositories/mongodb/models/OrderDetails.class], file [/opt/Projects/PartsUnlimitedMRP/src/Backend/OrderService/build/classes/main/smpl/ordering/repositories/mongodb/models/QuoteDetails.class], file [/opt/Projects/PartsUnlimitedMRP/src/Backend/OrderService/build/classes/main/smpl/ordering/repositories/mongodb/models/ShipmentDetails.class], file [/opt/Projects/PartsUnlimitedMRP/src/Backend/OrderService/build/classes/main/smpl/ordering/repositories/mongodb/models/Dealer.class], file [/opt/Projects/PartsUnlimitedMRP/src/Backend/OrderService/build/classes/main/smpl/ordering/repositories/mongodb/MongoDealersRepository.class], file [/opt/Projects/PartsUnlimitedMRP/src/Backend/OrderService/build/classes/main/smpl/ordering/repositories/mongodb/MongoOperationsWithRetry.class], file [/opt/Projects/PartsUnlimitedMRP/src/Backend/OrderService/build/classes/main/smpl/ordering/repositories/mongodb/MongoOrderRepository.class], file [/opt/Projects/PartsUnlimitedMRP/src/Backend/OrderService/build/classes/main/smpl/ordering/repositories/mongodb/MongoQuoteRepository.class], file [/opt/Projects/PartsUnlimitedMRP/src/Backend/OrderService/build/classes/main/smpl/ordering/repositories/mongodb/MongoShipmentRepository.class], file [/opt/Projects/PartsUnlimitedMRP/src/Backend/OrderService/build/classes/main/smpl/ordering/OrderingServiceProperties.class], file [/opt/Projects/PartsUnlimitedMRP/src/Backend/OrderService/build/classes/main/smpl/ordering/models/CatalogItem.class], file [/opt/Projects/PartsUnlimitedMRP/src/Backend/OrderService/build/classes/main/smpl/ordering/models/DealerInfo.class], file [/opt/Projects/PartsUnlimitedMRP/src/Backend/OrderService/build/classes/main/smpl/ordering/models/Order.class], file [/opt/Projects/PartsUnlimitedMRP/src/Backend/OrderService/build/classes/main/smpl/ordering/models/OrderStatus.class], file [/opt/Projects/PartsUnlimitedMRP/src/Backend/OrderService/build/classes/main/smpl/ordering/models/OrderUpdateInfo.class], file [/opt/Projects/PartsUnlimitedMRP/src/Backend/OrderService/build/classes/main/smpl/ordering/models/Quote.class], file [/opt/Projects/PartsUnlimitedMRP/src/Backend/OrderService/build/classes/main/smpl/ordering/models/ShipmentRecord.class], file [/opt/Projects/PartsUnlimitedMRP/src/Backend/OrderService/build/classes/main/smpl/ordering/models/ShipmentEventInfo.class], file [/opt/Projects/PartsUnlimitedMRP/src/Backend/OrderService/build/classes/main/smpl/ordering/models/OrderEventInfo.class], file [/opt/Projects/PartsUnlimitedMRP/src/Backend/OrderService/build/classes/main/smpl/ordering/models/QuoteItemInfo.class], file [/opt/Projects/PartsUnlimitedMRP/src/Backend/OrderService/build/classes/main/smpl/ordering/models/DeliveryAddress.class], file [/opt/Projects/PartsUnlimitedMRP/src/Backend/OrderService/build/classes/main/smpl/ordering/models/PhoneInfo.class], file [/opt/Projects/PartsUnlimitedMRP/src/Backend/OrderService/build/classes/main/smpl/ordering/models/Delivery.class], file [/opt/Projects/PartsUnlimitedMRP/src/Backend/OrderService/build/classes/main/smpl/ordering/OrderingInitializer.class], file [/opt/Projects/PartsUnlimitedMRP/src/Backend/OrderService/build/classes/main/smpl/ordering/PostgresqlProperties.class], file [/opt/Projects/PartsUnlimitedMRP/src/Backend/OrderService/build/classes/main/smpl/ordering/PropertyHelper.class], file [/opt/Projects/PartsUnlimitedMRP/src/Backend/OrderService/build/classes/main/smpl/ordering/SimpleCORSFilter.class], file [/opt/Projects/PartsUnlimitedMRP/src/Backend/OrderService/build/classes/main/smpl/ordering/TestPath.class], file [/opt/Projects/PartsUnlimitedMRP/src/Backend/OrderService/build/classes/main/smpl/ordering/Utility.class], file [/opt/Projects/PartsUnlimitedMRP/src/Backend/OrderService/build/classes/main/smpl/ordering/controllers/CatalogController.class], file [/opt/Projects/PartsUnlimitedMRP/src/Backend/OrderService/build/classes/main/smpl/ordering/controllers/DealerController.class], file [/opt/Projects/PartsUnlimitedMRP/src/Backend/OrderService/build/classes/main/smpl/ordering/controllers/OrderController.class], file [/opt/Projects/PartsUnlimitedMRP/src/Backend/OrderService/build/classes/main/smpl/ordering/controllers/PingController.class], file [/opt/Projects/PartsUnlimitedMRP/src/Backend/OrderService/build/classes/main/smpl/ordering/controllers/QuoteController.class], file [/opt/Projects/PartsUnlimitedMRP/src/Backend/OrderService/build/classes/main/smpl/ordering/controllers/ShipmentController.class]]
00:19:42.280 [Test worker] DEBUG o.s.c.a.ClassPathBeanDefinitionScanner - Identified candidate component class: file [/opt/Projects/PartsUnlimitedMRP/src/Backend/OrderService/build/classes/main/smpl/ordering/AppInsightsFilter.class]
00:19:42.297 [Test worker] DEBUG o.s.c.a.ClassPathBeanDefinitionScanner - Identified candidate component class: file [/opt/Projects/PartsUnlimitedMRP/src/Backend/OrderService/build/classes/main/smpl/ordering/OrderingConfiguration.class]
00:19:42.309 [Test worker] DEBUG o.s.c.a.ClassPathBeanDefinitionScanner - Identified candidate component class: file [/opt/Projects/PartsUnlimitedMRP/src/Backend/OrderService/build/classes/main/smpl/ordering/SimpleCORSFilter.class]
00:19:42.313 [Test worker] DEBUG o.s.c.a.ClassPathBeanDefinitionScanner - Identified candidate component class: file [/opt/Projects/PartsUnlimitedMRP/src/Backend/OrderService/build/classes/main/smpl/ordering/controllers/CatalogController.class]
00:19:42.314 [Test worker] DEBUG o.s.c.a.ClassPathBeanDefinitionScanner - Identified candidate component class: file [/opt/Projects/PartsUnlimitedMRP/src/Backend/OrderService/build/classes/main/smpl/ordering/controllers/DealerController.class]
00:19:42.315 [Test worker] DEBUG o.s.c.a.ClassPathBeanDefinitionScanner - Identified candidate component class: file [/opt/Projects/PartsUnlimitedMRP/src/Backend/OrderService/build/classes/main/smpl/ordering/controllers/OrderController.class]
00:19:42.317 [Test worker] DEBUG o.s.c.a.ClassPathBeanDefinitionScanner - Identified candidate component class: file [/opt/Projects/PartsUnlimitedMRP/src/Backend/OrderService/build/classes/main/smpl/ordering/controllers/PingController.class]
00:19:42.318 [Test worker] DEBUG o.s.c.a.ClassPathBeanDefinitionScanner - Identified candidate component class: file [/opt/Projects/PartsUnlimitedMRP/src/Backend/OrderService/build/classes/main/smpl/ordering/controllers/QuoteController.class]
00:19:42.319 [Test worker] DEBUG o.s.c.a.ClassPathBeanDefinitionScanner - Identified candidate component class: file [/opt/Projects/PartsUnlimitedMRP/src/Backend/OrderService/build/classes/main/smpl/ordering/controllers/ShipmentController.class]
00:19:42.331 [Test worker] DEBUG o.s.b.f.s.DefaultListableBeanFactory - Returning cached instance of singleton bean 'autoConfigurationReport'
00:19:42.331 [Test worker] DEBUG o.s.b.f.s.DefaultListableBeanFactory - Returning cached instance of singleton bean 'autoConfigurationReport'
00:19:42.331 [Test worker] DEBUG o.s.core.env.StandardEnvironment - Adding [systemProperties] PropertySource with lowest search precedence
00:19:42.331 [Test worker] DEBUG o.s.core.env.StandardEnvironment - Adding [systemEnvironment] PropertySource with lowest search precedence
00:19:42.332 [Test worker] DEBUG o.s.core.env.StandardEnvironment - Initialized StandardEnvironment with PropertySources [systemProperties,systemEnvironment]
00:19:42.332 [Test worker] DEBUG o.s.c.a.ClassPathBeanDefinitionScanner - JSR-250 'javax.annotation.ManagedBean' found and supported for component scanning
00:19:42.333 [Test worker] DEBUG o.s.c.i.s.PathMatchingResourcePatternResolver - Looking for matching resources in directory tree [/opt/Projects/PartsUnlimitedMRP/src/Backend/OrderService/build/classes/test/smpl/ordering]
00:19:42.333 [Test worker] DEBUG o.s.c.i.s.PathMatchingResourcePatternResolver - Searching directory [/opt/Projects/PartsUnlimitedMRP/src/Backend/OrderService/build/classes/test/smpl/ordering] for files matching pattern [/opt/Projects/PartsUnlimitedMRP/src/Backend/OrderService/build/classes/test/smpl/ordering/**/*.class]
00:19:42.333 [Test worker] DEBUG o.s.c.i.s.PathMatchingResourcePatternResolver - Searching directory [/opt/Projects/PartsUnlimitedMRP/src/Backend/OrderService/build/classes/test/smpl/ordering/controllers] for files matching pattern [/opt/Projects/PartsUnlimitedMRP/src/Backend/OrderService/build/classes/test/smpl/ordering/**/*.class]
00:19:42.333 [Test worker] DEBUG o.s.c.i.s.PathMatchingResourcePatternResolver - Searching directory [/opt/Projects/PartsUnlimitedMRP/src/Backend/OrderService/build/classes/test/smpl/ordering/repositories] for files matching pattern [/opt/Projects/PartsUnlimitedMRP/src/Backend/OrderService/build/classes/test/smpl/ordering/**/*.class]
00:19:42.334 [Test worker] DEBUG o.s.c.i.s.PathMatchingResourcePatternResolver - Searching directory [/opt/Projects/PartsUnlimitedMRP/src/Backend/OrderService/build/classes/test/smpl/ordering/repositories/mock] for files matching pattern [/opt/Projects/PartsUnlimitedMRP/src/Backend/OrderService/build/classes/test/smpl/ordering/**/*.class]
00:19:42.334 [Test worker] DEBUG o.s.c.i.s.PathMatchingResourcePatternResolver - Searching directory [/opt/Projects/PartsUnlimitedMRP/src/Backend/OrderService/build/classes/test/smpl/ordering/repositories/mock/test] for files matching pattern [/opt/Projects/PartsUnlimitedMRP/src/Backend/OrderService/build/classes/test/smpl/ordering/**/*.class]
00:19:42.334 [Test worker] DEBUG o.s.c.i.s.PathMatchingResourcePatternResolver - Searching directory [/opt/Projects/PartsUnlimitedMRP/src/Backend/OrderService/build/classes/test/smpl/ordering/repositories/mongodb] for files matching pattern [/opt/Projects/PartsUnlimitedMRP/src/Backend/OrderService/build/classes/test/smpl/ordering/**/*.class]
00:19:42.334 [Test worker] DEBUG o.s.c.i.s.PathMatchingResourcePatternResolver - Searching directory [/opt/Projects/PartsUnlimitedMRP/src/Backend/OrderService/build/classes/test/smpl/ordering/repositories/mongodb/test] for files matching pattern [/opt/Projects/PartsUnlimitedMRP/src/Backend/OrderService/build/classes/test/smpl/ordering/**/*.class]
00:19:42.335 [Test worker] DEBUG o.s.c.i.s.PathMatchingResourcePatternResolver - Looking for matching resources in directory tree [/opt/Projects/PartsUnlimitedMRP/src/Backend/OrderService/build/classes/main/smpl/ordering]
00:19:42.335 [Test worker] DEBUG o.s.c.i.s.PathMatchingResourcePatternResolver - Searching directory [/opt/Projects/PartsUnlimitedMRP/src/Backend/OrderService/build/classes/main/smpl/ordering] for files matching pattern [/opt/Projects/PartsUnlimitedMRP/src/Backend/OrderService/build/classes/main/smpl/ordering/**/*.class]
00:19:42.335 [Test worker] DEBUG o.s.c.i.s.PathMatchingResourcePatternResolver - Searching directory [/opt/Projects/PartsUnlimitedMRP/src/Backend/OrderService/build/classes/main/smpl/ordering/repositories] for files matching pattern [/opt/Projects/PartsUnlimitedMRP/src/Backend/OrderService/build/classes/main/smpl/ordering/**/*.class]
00:19:42.336 [Test worker] DEBUG o.s.c.i.s.PathMatchingResourcePatternResolver - Searching directory [/opt/Projects/PartsUnlimitedMRP/src/Backend/OrderService/build/classes/main/smpl/ordering/repositories/mock] for files matching pattern [/opt/Projects/PartsUnlimitedMRP/src/Backend/OrderService/build/classes/main/smpl/ordering/**/*.class]
00:19:42.336 [Test worker] DEBUG o.s.c.i.s.PathMatchingResourcePatternResolver - Searching directory [/opt/Projects/PartsUnlimitedMRP/src/Backend/OrderService/build/classes/main/smpl/ordering/repositories/mongodb] for files matching pattern [/opt/Projects/PartsUnlimitedMRP/src/Backend/OrderService/build/classes/main/smpl/ordering/**/*.class]
00:19:42.336 [Test worker] DEBUG o.s.c.i.s.PathMatchingResourcePatternResolver - Searching directory [/opt/Projects/PartsUnlimitedMRP/src/Backend/OrderService/build/classes/main/smpl/ordering/repositories/mongodb/models] for files matching pattern [/opt/Projects/PartsUnlimitedMRP/src/Backend/OrderService/build/classes/main/smpl/ordering/**/*.class]
00:19:42.337 [Test worker] DEBUG o.s.c.i.s.PathMatchingResourcePatternResolver - Searching directory [/opt/Projects/PartsUnlimitedMRP/src/Backend/OrderService/build/classes/main/smpl/ordering/models] for files matching pattern [/opt/Projects/PartsUnlimitedMRP/src/Backend/OrderService/build/classes/main/smpl/ordering/**/*.class]
00:19:42.337 [Test worker] DEBUG o.s.c.i.s.PathMatchingResourcePatternResolver - Searching directory [/opt/Projects/PartsUnlimitedMRP/src/Backend/OrderService/build/classes/main/smpl/ordering/controllers] for files matching pattern [/opt/Projects/PartsUnlimitedMRP/src/Backend/OrderService/build/classes/main/smpl/ordering/**/*.class]
00:19:42.339 [Test worker] DEBUG o.s.c.i.s.PathMatchingResourcePatternResolver - Resolved location pattern [classpath*:smpl/ordering/**/*.class] to resources [file [/opt/Projects/PartsUnlimitedMRP/src/Backend/OrderService/build/classes/test/smpl/ordering/ConfigurationRule.class], file [/opt/Projects/PartsUnlimitedMRP/src/Backend/OrderService/build/classes/test/smpl/ordering/TestOrderingConfiguration.class], file [/opt/Projects/PartsUnlimitedMRP/src/Backend/OrderService/build/classes/test/smpl/ordering/UtilityTest.class], file [/opt/Projects/PartsUnlimitedMRP/src/Backend/OrderService/build/classes/test/smpl/ordering/controllers/CatalogControllerTest.class], file [/opt/Projects/PartsUnlimitedMRP/src/Backend/OrderService/build/classes/test/smpl/ordering/controllers/DealerControllerTest.class], file [/opt/Projects/PartsUnlimitedMRP/src/Backend/OrderService/build/classes/test/smpl/ordering/controllers/OrderControllerTest.class], file [/opt/Projects/PartsUnlimitedMRP/src/Backend/OrderService/build/classes/test/smpl/ordering/controllers/QuoteControllerTest.class], file [/opt/Projects/PartsUnlimitedMRP/src/Backend/OrderService/build/classes/test/smpl/ordering/controllers/ShipmentControllerTest.class], file [/opt/Projects/PartsUnlimitedMRP/src/Backend/OrderService/build/classes/test/smpl/ordering/repositories/CatalogItemsRepositoryTest.class], file [/opt/Projects/PartsUnlimitedMRP/src/Backend/OrderService/build/classes/test/smpl/ordering/repositories/DealersRepositoryTest.class], file [/opt/Projects/PartsUnlimitedMRP/src/Backend/OrderService/build/classes/test/smpl/ordering/repositories/OrderRepositoryTest.class], file [/opt/Projects/PartsUnlimitedMRP/src/Backend/OrderService/build/classes/test/smpl/ordering/repositories/QuoteRepositoryTest.class], file [/opt/Projects/PartsUnlimitedMRP/src/Backend/OrderService/build/classes/test/smpl/ordering/repositories/ShipmentRepositoryTest.class], file [/opt/Projects/PartsUnlimitedMRP/src/Backend/OrderService/build/classes/test/smpl/ordering/repositories/mock/test/MockCatalogItemsRepositoryTest.class], file [/opt/Projects/PartsUnlimitedMRP/src/Backend/OrderService/build/classes/test/smpl/ordering/repositories/mock/test/MockDealersRepositoryTest.class], file [/opt/Projects/PartsUnlimitedMRP/src/Backend/OrderService/build/classes/test/smpl/ordering/repositories/mock/test/MockOrderRepositoryTest.class], file [/opt/Projects/PartsUnlimitedMRP/src/Backend/OrderService/build/classes/test/smpl/ordering/repositories/mock/test/MockQuoteRepositoryTest.class], file [/opt/Projects/PartsUnlimitedMRP/src/Backend/OrderService/build/classes/test/smpl/ordering/repositories/mock/test/MockShipmentRepositoryTest.class], file [/opt/Projects/PartsUnlimitedMRP/src/Backend/OrderService/build/classes/test/smpl/ordering/repositories/mongodb/test/IntegrationTests.class], file [/opt/Projects/PartsUnlimitedMRP/src/Backend/OrderService/build/classes/test/smpl/ordering/repositories/mongodb/test/MongoCatalogItemsRepositoryTest.class], file [/opt/Projects/PartsUnlimitedMRP/src/Backend/OrderService/build/classes/test/smpl/ordering/repositories/mongodb/test/MongoDealersRepositoryTest.class], file [/opt/Projects/PartsUnlimitedMRP/src/Backend/OrderService/build/classes/test/smpl/ordering/repositories/mongodb/test/MongoOrderRepositoryTest.class], file [/opt/Projects/PartsUnlimitedMRP/src/Backend/OrderService/build/classes/test/smpl/ordering/repositories/mongodb/test/MongoQuoteRepositoryTest.class], file [/opt/Projects/PartsUnlimitedMRP/src/Backend/OrderService/build/classes/test/smpl/ordering/repositories/mongodb/test/MongoShipmentRepositoryTest.class], file [/opt/Projects/PartsUnlimitedMRP/src/Backend/OrderService/build/classes/main/smpl/ordering/AppInsightsFilter.class], file [/opt/Projects/PartsUnlimitedMRP/src/Backend/OrderService/build/classes/main/smpl/ordering/BadRequestException.class], file [/opt/Projects/PartsUnlimitedMRP/src/Backend/OrderService/build/classes/main/smpl/ordering/ConflictingRequestException.class], file [/opt/Projects/PartsUnlimitedMRP/src/Backend/OrderService/build/classes/main/smpl/ordering/MongoDBProperties.class], file [/opt/Projects/PartsUnlimitedMRP/src/Backend/OrderService/build/classes/main/smpl/ordering/OrderingConfiguration.class], file [/opt/Projects/PartsUnlimitedMRP/src/Backend/OrderService/build/classes/main/smpl/ordering/repositories/RepositoryFactory$Repositories.class], file [/opt/Projects/PartsUnlimitedMRP/src/Backend/OrderService/build/classes/main/smpl/ordering/repositories/RepositoryFactory$1.class], file [/opt/Projects/PartsUnlimitedMRP/src/Backend/OrderService/build/classes/main/smpl/ordering/repositories/RepositoryFactory.class], file [/opt/Projects/PartsUnlimitedMRP/src/Backend/OrderService/build/classes/main/smpl/ordering/repositories/CatalogItemsRepository.class], file [/opt/Projects/PartsUnlimitedMRP/src/Backend/OrderService/build/classes/main/smpl/ordering/repositories/DealersRepository.class], file [/opt/Projects/PartsUnlimitedMRP/src/Backend/OrderService/build/classes/main/smpl/ordering/repositories/OrderRepository.class], file [/opt/Projects/PartsUnlimitedMRP/src/Backend/OrderService/build/classes/main/smpl/ordering/repositories/QuoteRepository.class], file [/opt/Projects/PartsUnlimitedMRP/src/Backend/OrderService/build/classes/main/smpl/ordering/repositories/ShipmentRepository.class], file [/opt/Projects/PartsUnlimitedMRP/src/Backend/OrderService/build/classes/main/smpl/ordering/repositories/mock/MockCatalogItemsRepository.class], file [/opt/Projects/PartsUnlimitedMRP/src/Backend/OrderService/build/classes/main/smpl/ordering/repositories/mock/MockDealersRepository.class], file [/opt/Projects/PartsUnlimitedMRP/src/Backend/OrderService/build/classes/main/smpl/ordering/repositories/mock/MockOrderRepository.class], file [/opt/Projects/PartsUnlimitedMRP/src/Backend/OrderService/build/classes/main/smpl/ordering/repositories/mock/MockQuoteRepository.class], file [/opt/Projects/PartsUnlimitedMRP/src/Backend/OrderService/build/classes/main/smpl/ordering/repositories/mock/MockShipmentRepository.class], file [/opt/Projects/PartsUnlimitedMRP/src/Backend/OrderService/build/classes/main/smpl/ordering/repositories/mongodb/MongoCatalogItemsRepository.class], file [/opt/Projects/PartsUnlimitedMRP/src/Backend/OrderService/build/classes/main/smpl/ordering/repositories/mongodb/models/CatalogItem.class], file [/opt/Projects/PartsUnlimitedMRP/src/Backend/OrderService/build/classes/main/smpl/ordering/repositories/mongodb/models/OrderDetails.class], file [/opt/Projects/PartsUnlimitedMRP/src/Backend/OrderService/build/classes/main/smpl/ordering/repositories/mongodb/models/QuoteDetails.class], file [/opt/Projects/PartsUnlimitedMRP/src/Backend/OrderService/build/classes/main/smpl/ordering/repositories/mongodb/models/ShipmentDetails.class], file [/opt/Projects/PartsUnlimitedMRP/src/Backend/OrderService/build/classes/main/smpl/ordering/repositories/mongodb/models/Dealer.class], file [/opt/Projects/PartsUnlimitedMRP/src/Backend/OrderService/build/classes/main/smpl/ordering/repositories/mongodb/MongoDealersRepository.class], file [/opt/Projects/PartsUnlimitedMRP/src/Backend/OrderService/build/classes/main/smpl/ordering/repositories/mongodb/MongoOperationsWithRetry.class], file [/opt/Projects/PartsUnlimitedMRP/src/Backend/OrderService/build/classes/main/smpl/ordering/repositories/mongodb/MongoOrderRepository.class], file [/opt/Projects/PartsUnlimitedMRP/src/Backend/OrderService/build/classes/main/smpl/ordering/repositories/mongodb/MongoQuoteRepository.class], file [/opt/Projects/PartsUnlimitedMRP/src/Backend/OrderService/build/classes/main/smpl/ordering/repositories/mongodb/MongoShipmentRepository.class], file [/opt/Projects/PartsUnlimitedMRP/src/Backend/OrderService/build/classes/main/smpl/ordering/OrderingServiceProperties.class], file [/opt/Projects/PartsUnlimitedMRP/src/Backend/OrderService/build/classes/main/smpl/ordering/models/CatalogItem.class], file [/opt/Projects/PartsUnlimitedMRP/src/Backend/OrderService/build/classes/main/smpl/ordering/models/DealerInfo.class], file [/opt/Projects/PartsUnlimitedMRP/src/Backend/OrderService/build/classes/main/smpl/ordering/models/Order.class], file [/opt/Projects/PartsUnlimitedMRP/src/Backend/OrderService/build/classes/main/smpl/ordering/models/OrderStatus.class], file [/opt/Projects/PartsUnlimitedMRP/src/Backend/OrderService/build/classes/main/smpl/ordering/models/OrderUpdateInfo.class], file [/opt/Projects/PartsUnlimitedMRP/src/Backend/OrderService/build/classes/main/smpl/ordering/models/Quote.class], file [/opt/Projects/PartsUnlimitedMRP/src/Backend/OrderService/build/classes/main/smpl/ordering/models/ShipmentRecord.class], file [/opt/Projects/PartsUnlimitedMRP/src/Backend/OrderService/build/classes/main/smpl/ordering/models/ShipmentEventInfo.class], file [/opt/Projects/PartsUnlimitedMRP/src/Backend/OrderService/build/classes/main/smpl/ordering/models/OrderEventInfo.class], file [/opt/Projects/PartsUnlimitedMRP/src/Backend/OrderService/build/classes/main/smpl/ordering/models/QuoteItemInfo.class], file [/opt/Projects/PartsUnlimitedMRP/src/Backend/OrderService/build/classes/main/smpl/ordering/models/DeliveryAddress.class], file [/opt/Projects/PartsUnlimitedMRP/src/Backend/OrderService/build/classes/main/smpl/ordering/models/PhoneInfo.class], file [/opt/Projects/PartsUnlimitedMRP/src/Backend/OrderService/build/classes/main/smpl/ordering/models/Delivery.class], file [/opt/Projects/PartsUnlimitedMRP/src/Backend/OrderService/build/classes/main/smpl/ordering/OrderingInitializer.class], file [/opt/Projects/PartsUnlimitedMRP/src/Backend/OrderService/build/classes/main/smpl/ordering/PostgresqlProperties.class], file [/opt/Projects/PartsUnlimitedMRP/src/Backend/OrderService/build/classes/main/smpl/ordering/PropertyHelper.class], file [/opt/Projects/PartsUnlimitedMRP/src/Backend/OrderService/build/classes/main/smpl/ordering/SimpleCORSFilter.class], file [/opt/Projects/PartsUnlimitedMRP/src/Backend/OrderService/build/classes/main/smpl/ordering/TestPath.class], file [/opt/Projects/PartsUnlimitedMRP/src/Backend/OrderService/build/classes/main/smpl/ordering/Utility.class], file [/opt/Projects/PartsUnlimitedMRP/src/Backend/OrderService/build/classes/main/smpl/ordering/controllers/CatalogController.class], file [/opt/Projects/PartsUnlimitedMRP/src/Backend/OrderService/build/classes/main/smpl/ordering/controllers/DealerController.class], file [/opt/Projects/PartsUnlimitedMRP/src/Backend/OrderService/build/classes/main/smpl/ordering/controllers/OrderController.class], file [/opt/Projects/PartsUnlimitedMRP/src/Backend/OrderService/build/classes/main/smpl/ordering/controllers/PingController.class], file [/opt/Projects/PartsUnlimitedMRP/src/Backend/OrderService/build/classes/main/smpl/ordering/controllers/QuoteController.class], file [/opt/Projects/PartsUnlimitedMRP/src/Backend/OrderService/build/classes/main/smpl/ordering/controllers/ShipmentController.class]]
00:19:42.346 [Test worker] DEBUG o.s.c.a.ClassPathBeanDefinitionScanner - Identified candidate component class: file [/opt/Projects/PartsUnlimitedMRP/src/Backend/OrderService/build/classes/test/smpl/ordering/TestOrderingConfiguration.class]
00:19:42.352 [Test worker] DEBUG o.s.c.a.ClassPathBeanDefinitionScanner - Identified candidate component class: file [/opt/Projects/PartsUnlimitedMRP/src/Backend/OrderService/build/classes/main/smpl/ordering/AppInsightsFilter.class]
00:19:42.375 [Test worker] DEBUG o.s.c.a.ClassPathBeanDefinitionScanner - Identified candidate component class: file [/opt/Projects/PartsUnlimitedMRP/src/Backend/OrderService/build/classes/main/smpl/ordering/SimpleCORSFilter.class]
00:19:42.376 [Test worker] DEBUG o.s.c.a.ClassPathBeanDefinitionScanner - Identified candidate component class: file [/opt/Projects/PartsUnlimitedMRP/src/Backend/OrderService/build/classes/main/smpl/ordering/controllers/CatalogController.class]
00:19:42.376 [Test worker] DEBUG o.s.c.a.ClassPathBeanDefinitionScanner - Identified candidate component class: file [/opt/Projects/PartsUnlimitedMRP/src/Backend/OrderService/build/classes/main/smpl/ordering/controllers/DealerController.class]
00:19:42.377 [Test worker] DEBUG o.s.c.a.ClassPathBeanDefinitionScanner - Identified candidate component class: file [/opt/Projects/PartsUnlimitedMRP/src/Backend/OrderService/build/classes/main/smpl/ordering/controllers/OrderController.class]
00:19:42.378 [Test worker] DEBUG o.s.c.a.ClassPathBeanDefinitionScanner - Identified candidate component class: file [/opt/Projects/PartsUnlimitedMRP/src/Backend/OrderService/build/classes/main/smpl/ordering/controllers/PingController.class]
00:19:42.388 [Test worker] DEBUG o.s.c.a.ClassPathBeanDefinitionScanner - Identified candidate component class: file [/opt/Projects/PartsUnlimitedMRP/src/Backend/OrderService/build/classes/main/smpl/ordering/controllers/QuoteController.class]
00:19:42.389 [Test worker] DEBUG o.s.c.a.ClassPathBeanDefinitionScanner - Identified candidate component class: file [/opt/Projects/PartsUnlimitedMRP/src/Backend/OrderService/build/classes/main/smpl/ordering/controllers/ShipmentController.class]
00:19:42.632 [Test worker] DEBUG o.s.c.t.c.AnnotationAttributesReadingVisitor - Failed to class-load type while reading annotation metadata. This is a non-fatal error, but certain annotation metadata may be unavailable.
java.lang.ClassNotFoundException: org.springframework.security.config.annotation.web.configuration.EnableWebSecurity
	at java.net.URLClassLoader.findClass(URLClassLoader.java:381) ~[na:1.8.0_181]
	at java.lang.ClassLoader.loadClass(ClassLoader.java:424) ~[na:1.8.0_181]
	at sun.misc.Launcher$AppClassLoader.loadClass(Launcher.java:349) ~[na:1.8.0_181]
	at java.lang.ClassLoader.loadClass(ClassLoader.java:357) ~[na:1.8.0_181]
	at org.springframework.core.type.classreading.RecursiveAnnotationAttributesVisitor.visitEnd(AnnotationAttributesReadingVisitor.java:181) ~[spring-core-4.0.7.RELEASE.jar:4.0.7.RELEASE]
	at org.springframework.asm.ClassReader.readAnnotationValues(ClassReader.java:1788) [spring-core-4.0.7.RELEASE.jar:4.0.7.RELEASE]
	at org.springframework.asm.ClassReader.accept(ClassReader.java:642) [spring-core-4.0.7.RELEASE.jar:4.0.7.RELEASE]
	at org.springframework.asm.ClassReader.accept(ClassReader.java:508) [spring-core-4.0.7.RELEASE.jar:4.0.7.RELEASE]
	at org.springframework.core.type.classreading.SimpleMetadataReader.<init>(SimpleMetadataReader.java:64) [spring-core-4.0.7.RELEASE.jar:4.0.7.RELEASE]
	at org.springframework.core.type.classreading.SimpleMetadataReaderFactory.getMetadataReader(SimpleMetadataReaderFactory.java:82) [spring-core-4.0.7.RELEASE.jar:4.0.7.RELEASE]
	at org.springframework.core.type.classreading.CachingMetadataReaderFactory.getMetadataReader(CachingMetadataReaderFactory.java:102) [spring-core-4.0.7.RELEASE.jar:4.0.7.RELEASE]
	at org.springframework.core.type.classreading.SimpleMetadataReaderFactory.getMetadataReader(SimpleMetadataReaderFactory.java:77) [spring-core-4.0.7.RELEASE.jar:4.0.7.RELEASE]
	at org.springframework.boot.autoconfigure.AutoConfigurationSorter$AutoConfigurationClasses.<init>(AutoConfigurationSorter.java:125) [spring-boot-autoconfigure-1.1.7.RELEASE.jar:1.1.7.RELEASE]
	at org.springframework.boot.autoconfigure.AutoConfigurationSorter.getInPriorityOrder(AutoConfigurationSorter.java:60) [spring-boot-autoconfigure-1.1.7.RELEASE.jar:1.1.7.RELEASE]
	at org.springframework.boot.autoconfigure.EnableAutoConfigurationImportSelector.selectImports(EnableAutoConfigurationImportSelector.java:72) [spring-boot-autoconfigure-1.1.7.RELEASE.jar:1.1.7.RELEASE]
	at org.springframework.context.annotation.ConfigurationClassParser.processDeferredImportSelectors(ConfigurationClassParser.java:388) [spring-context-4.0.7.RELEASE.jar:4.0.7.RELEASE]
	at org.springframework.context.annotation.ConfigurationClassParser.parse(ConfigurationClassParser.java:165) [spring-context-4.0.7.RELEASE.jar:4.0.7.RELEASE]
	at org.springframework.context.annotation.ConfigurationClassPostProcessor.processConfigBeanDefinitions(ConfigurationClassPostProcessor.java:305) [spring-context-4.0.7.RELEASE.jar:4.0.7.RELEASE]
	at org.springframework.context.annotation.ConfigurationClassPostProcessor.postProcessBeanDefinitionRegistry(ConfigurationClassPostProcessor.java:243) [spring-context-4.0.7.RELEASE.jar:4.0.7.RELEASE]
	at org.springframework.context.support.PostProcessorRegistrationDelegate.invokeBeanDefinitionRegistryPostProcessors(PostProcessorRegistrationDelegate.java:254) [spring-context-4.0.7.RELEASE.jar:4.0.7.RELEASE]
	at org.springframework.context.support.PostProcessorRegistrationDelegate.invokeBeanFactoryPostProcessors(PostProcessorRegistrationDelegate.java:94) [spring-context-4.0.7.RELEASE.jar:4.0.7.RELEASE]
	at org.springframework.context.support.AbstractApplicationContext.invokeBeanFactoryPostProcessors(AbstractApplicationContext.java:611) [spring-context-4.0.7.RELEASE.jar:4.0.7.RELEASE]
	at org.springframework.context.support.AbstractApplicationContext.refresh(AbstractApplicationContext.java:464) [spring-context-4.0.7.RELEASE.jar:4.0.7.RELEASE]
	at org.springframework.context.annotation.AnnotationConfigApplicationContext.<init>(AnnotationConfigApplicationContext.java:84) [spring-context-4.0.7.RELEASE.jar:4.0.7.RELEASE]
	at smpl.ordering.ConfigurationRule.apply(ConfigurationRule.java:18) [test/:na]
	at org.junit.rules.RunRules.applyAll(RunRules.java:26) [junit-4.11.jar:na]
	at org.junit.rules.RunRules.<init>(RunRules.java:15) [junit-4.11.jar:na]
	at org.junit.runners.BlockJUnit4ClassRunner.withTestRules(BlockJUnit4ClassRunner.java:379) [junit-4.11.jar:na]
	at org.junit.runners.BlockJUnit4ClassRunner.withRules(BlockJUnit4ClassRunner.java:340) [junit-4.11.jar:na]
	at org.junit.runners.BlockJUnit4ClassRunner.methodBlock(BlockJUnit4ClassRunner.java:256) [junit-4.11.jar:na]
	at org.junit.runners.BlockJUnit4ClassRunner.runChild(BlockJUnit4ClassRunner.java:70) [junit-4.11.jar:na]
	at org.junit.runners.BlockJUnit4ClassRunner.runChild(BlockJUnit4ClassRunner.java:50) [junit-4.11.jar:na]
	at org.junit.runners.ParentRunner$3.run(ParentRunner.java:238) [junit-4.11.jar:na]
	at org.junit.runners.ParentRunner$1.schedule(ParentRunner.java:63) [junit-4.11.jar:na]
	at org.junit.runners.ParentRunner.runChildren(ParentRunner.java:236) [junit-4.11.jar:na]
	at org.junit.runners.ParentRunner.access$000(ParentRunner.java:53) [junit-4.11.jar:na]
	at org.junit.runners.ParentRunner$2.evaluate(ParentRunner.java:229) [junit-4.11.jar:na]
	at org.junit.runners.ParentRunner.run(ParentRunner.java:309) [junit-4.11.jar:na]
	at org.gradle.api.internal.tasks.testing.junit.JUnitTestClassExecuter.runTestClass(JUnitTestClassExecuter.java:86) [gradle-plugins-2.1.jar:2.1]
	at org.gradle.api.internal.tasks.testing.junit.JUnitTestClassExecuter.execute(JUnitTestClassExecuter.java:49) [gradle-plugins-2.1.jar:2.1]
	at org.gradle.api.internal.tasks.testing.junit.JUnitTestClassProcessor.processTestClass(JUnitTestClassProcessor.java:69) [gradle-plugins-2.1.jar:2.1]
	at org.gradle.api.internal.tasks.testing.SuiteTestClassProcessor.processTestClass(SuiteTestClassProcessor.java:48) [gradle-plugins-2.1.jar:2.1]
	at sun.reflect.NativeMethodAccessorImpl.invoke0(Native Method) ~[na:1.8.0_181]
	at sun.reflect.NativeMethodAccessorImpl.invoke(NativeMethodAccessorImpl.java:62) ~[na:1.8.0_181]
	at sun.reflect.DelegatingMethodAccessorImpl.invoke(DelegatingMethodAccessorImpl.java:43) ~[na:1.8.0_181]
	at java.lang.reflect.Method.invoke(Method.java:498) ~[na:1.8.0_181]
	at org.gradle.messaging.dispatch.ReflectionDispatch.dispatch(ReflectionDispatch.java:35) [gradle-messaging-2.1.jar:2.1]
	at org.gradle.messaging.dispatch.ReflectionDispatch.dispatch(ReflectionDispatch.java:24) [gradle-messaging-2.1.jar:2.1]
	at org.gradle.messaging.dispatch.ContextClassLoaderDispatch.dispatch(ContextClassLoaderDispatch.java:32) [gradle-messaging-2.1.jar:2.1]
	at org.gradle.messaging.dispatch.ProxyDispatchAdapter$DispatchingInvocationHandler.invoke(ProxyDispatchAdapter.java:93) [gradle-messaging-2.1.jar:2.1]
	at com.sun.proxy.$Proxy2.processTestClass(Unknown Source) [na:na]
	at org.gradle.api.internal.tasks.testing.worker.TestWorker.processTestClass(TestWorker.java:105) [gradle-plugins-2.1.jar:2.1]
	at sun.reflect.NativeMethodAccessorImpl.invoke0(Native Method) ~[na:1.8.0_181]
	at sun.reflect.NativeMethodAccessorImpl.invoke(NativeMethodAccessorImpl.java:62) ~[na:1.8.0_181]
	at sun.reflect.DelegatingMethodAccessorImpl.invoke(DelegatingMethodAccessorImpl.java:43) ~[na:1.8.0_181]
	at java.lang.reflect.Method.invoke(Method.java:498) ~[na:1.8.0_181]
	at org.gradle.messaging.dispatch.ReflectionDispatch.dispatch(ReflectionDispatch.java:35) [gradle-messaging-2.1.jar:2.1]
	at org.gradle.messaging.dispatch.ReflectionDispatch.dispatch(ReflectionDispatch.java:24) [gradle-messaging-2.1.jar:2.1]
	at org.gradle.messaging.remote.internal.hub.MessageHub$Handler.run(MessageHub.java:355) [gradle-messaging-2.1.jar:2.1]
	at org.gradle.internal.concurrent.DefaultExecutorFactory$StoppableExecutorImpl$1.run(DefaultExecutorFactory.java:64) [gradle-base-services-2.1.jar:2.1]
	at java.util.concurrent.ThreadPoolExecutor.runWorker(ThreadPoolExecutor.java:1149) [na:1.8.0_181]
	at java.util.concurrent.ThreadPoolExecutor$Worker.run(ThreadPoolExecutor.java:624) [na:1.8.0_181]
	at java.lang.Thread.run(Thread.java:748) [na:1.8.0_181]
00:19:42.698 [Test worker] DEBUG o.s.c.t.c.AnnotationAttributesReadingVisitor - Failed to class-load type while reading annotation metadata. This is a non-fatal error, but certain annotation metadata may be unavailable.
java.lang.ClassNotFoundException: org.springframework.security.config.annotation.web.configuration.EnableWebSecurity
	at java.net.URLClassLoader.findClass(URLClassLoader.java:381) ~[na:1.8.0_181]
	at java.lang.ClassLoader.loadClass(ClassLoader.java:424) ~[na:1.8.0_181]
	at sun.misc.Launcher$AppClassLoader.loadClass(Launcher.java:349) ~[na:1.8.0_181]
	at java.lang.ClassLoader.loadClass(ClassLoader.java:357) ~[na:1.8.0_181]
	at org.springframework.core.type.classreading.RecursiveAnnotationAttributesVisitor.visitEnd(AnnotationAttributesReadingVisitor.java:181) ~[spring-core-4.0.7.RELEASE.jar:4.0.7.RELEASE]
	at org.springframework.asm.ClassReader.readAnnotationValues(ClassReader.java:1788) [spring-core-4.0.7.RELEASE.jar:4.0.7.RELEASE]
	at org.springframework.asm.ClassReader.accept(ClassReader.java:642) [spring-core-4.0.7.RELEASE.jar:4.0.7.RELEASE]
	at org.springframework.asm.ClassReader.accept(ClassReader.java:508) [spring-core-4.0.7.RELEASE.jar:4.0.7.RELEASE]
	at org.springframework.core.type.classreading.SimpleMetadataReader.<init>(SimpleMetadataReader.java:64) [spring-core-4.0.7.RELEASE.jar:4.0.7.RELEASE]
	at org.springframework.core.type.classreading.SimpleMetadataReaderFactory.getMetadataReader(SimpleMetadataReaderFactory.java:82) [spring-core-4.0.7.RELEASE.jar:4.0.7.RELEASE]
	at org.springframework.core.type.classreading.CachingMetadataReaderFactory.getMetadataReader(CachingMetadataReaderFactory.java:102) [spring-core-4.0.7.RELEASE.jar:4.0.7.RELEASE]
	at org.springframework.core.type.classreading.SimpleMetadataReaderFactory.getMetadataReader(SimpleMetadataReaderFactory.java:77) [spring-core-4.0.7.RELEASE.jar:4.0.7.RELEASE]
	at org.springframework.context.annotation.ConfigurationClassParser.asSourceClass(ConfigurationClassParser.java:561) [spring-context-4.0.7.RELEASE.jar:4.0.7.RELEASE]
	at org.springframework.context.annotation.ConfigurationClassParser.asSourceClasses(ConfigurationClassParser.java:548) [spring-context-4.0.7.RELEASE.jar:4.0.7.RELEASE]
	at org.springframework.context.annotation.ConfigurationClassParser.processDeferredImportSelectors(ConfigurationClassParser.java:389) [spring-context-4.0.7.RELEASE.jar:4.0.7.RELEASE]
	at org.springframework.context.annotation.ConfigurationClassParser.parse(ConfigurationClassParser.java:165) [spring-context-4.0.7.RELEASE.jar:4.0.7.RELEASE]
	at org.springframework.context.annotation.ConfigurationClassPostProcessor.processConfigBeanDefinitions(ConfigurationClassPostProcessor.java:305) [spring-context-4.0.7.RELEASE.jar:4.0.7.RELEASE]
	at org.springframework.context.annotation.ConfigurationClassPostProcessor.postProcessBeanDefinitionRegistry(ConfigurationClassPostProcessor.java:243) [spring-context-4.0.7.RELEASE.jar:4.0.7.RELEASE]
	at org.springframework.context.support.PostProcessorRegistrationDelegate.invokeBeanDefinitionRegistryPostProcessors(PostProcessorRegistrationDelegate.java:254) [spring-context-4.0.7.RELEASE.jar:4.0.7.RELEASE]
	at org.springframework.context.support.PostProcessorRegistrationDelegate.invokeBeanFactoryPostProcessors(PostProcessorRegistrationDelegate.java:94) [spring-context-4.0.7.RELEASE.jar:4.0.7.RELEASE]
	at org.springframework.context.support.AbstractApplicationContext.invokeBeanFactoryPostProcessors(AbstractApplicationContext.java:611) [spring-context-4.0.7.RELEASE.jar:4.0.7.RELEASE]
	at org.springframework.context.support.AbstractApplicationContext.refresh(AbstractApplicationContext.java:464) [spring-context-4.0.7.RELEASE.jar:4.0.7.RELEASE]
	at org.springframework.context.annotation.AnnotationConfigApplicationContext.<init>(AnnotationConfigApplicationContext.java:84) [spring-context-4.0.7.RELEASE.jar:4.0.7.RELEASE]
	at smpl.ordering.ConfigurationRule.apply(ConfigurationRule.java:18) [test/:na]
	at org.junit.rules.RunRules.applyAll(RunRules.java:26) [junit-4.11.jar:na]
	at org.junit.rules.RunRules.<init>(RunRules.java:15) [junit-4.11.jar:na]
	at org.junit.runners.BlockJUnit4ClassRunner.withTestRules(BlockJUnit4ClassRunner.java:379) [junit-4.11.jar:na]
	at org.junit.runners.BlockJUnit4ClassRunner.withRules(BlockJUnit4ClassRunner.java:340) [junit-4.11.jar:na]
	at org.junit.runners.BlockJUnit4ClassRunner.methodBlock(BlockJUnit4ClassRunner.java:256) [junit-4.11.jar:na]
	at org.junit.runners.BlockJUnit4ClassRunner.runChild(BlockJUnit4ClassRunner.java:70) [junit-4.11.jar:na]
	at org.junit.runners.BlockJUnit4ClassRunner.runChild(BlockJUnit4ClassRunner.java:50) [junit-4.11.jar:na]
	at org.junit.runners.ParentRunner$3.run(ParentRunner.java:238) [junit-4.11.jar:na]
	at org.junit.runners.ParentRunner$1.schedule(ParentRunner.java:63) [junit-4.11.jar:na]
	at org.junit.runners.ParentRunner.runChildren(ParentRunner.java:236) [junit-4.11.jar:na]
	at org.junit.runners.ParentRunner.access$000(ParentRunner.java:53) [junit-4.11.jar:na]
	at org.junit.runners.ParentRunner$2.evaluate(ParentRunner.java:229) [junit-4.11.jar:na]
	at org.junit.runners.ParentRunner.run(ParentRunner.java:309) [junit-4.11.jar:na]
	at org.gradle.api.internal.tasks.testing.junit.JUnitTestClassExecuter.runTestClass(JUnitTestClassExecuter.java:86) [gradle-plugins-2.1.jar:2.1]
	at org.gradle.api.internal.tasks.testing.junit.JUnitTestClassExecuter.execute(JUnitTestClassExecuter.java:49) [gradle-plugins-2.1.jar:2.1]
	at org.gradle.api.internal.tasks.testing.junit.JUnitTestClassProcessor.processTestClass(JUnitTestClassProcessor.java:69) [gradle-plugins-2.1.jar:2.1]
	at org.gradle.api.internal.tasks.testing.SuiteTestClassProcessor.processTestClass(SuiteTestClassProcessor.java:48) [gradle-plugins-2.1.jar:2.1]
	at sun.reflect.NativeMethodAccessorImpl.invoke0(Native Method) ~[na:1.8.0_181]
	at sun.reflect.NativeMethodAccessorImpl.invoke(NativeMethodAccessorImpl.java:62) ~[na:1.8.0_181]
	at sun.reflect.DelegatingMethodAccessorImpl.invoke(DelegatingMethodAccessorImpl.java:43) ~[na:1.8.0_181]
	at java.lang.reflect.Method.invoke(Method.java:498) ~[na:1.8.0_181]
	at org.gradle.messaging.dispatch.ReflectionDispatch.dispatch(ReflectionDispatch.java:35) [gradle-messaging-2.1.jar:2.1]
	at org.gradle.messaging.dispatch.ReflectionDispatch.dispatch(ReflectionDispatch.java:24) [gradle-messaging-2.1.jar:2.1]
	at org.gradle.messaging.dispatch.ContextClassLoaderDispatch.dispatch(ContextClassLoaderDispatch.java:32) [gradle-messaging-2.1.jar:2.1]
	at org.gradle.messaging.dispatch.ProxyDispatchAdapter$DispatchingInvocationHandler.invoke(ProxyDispatchAdapter.java:93) [gradle-messaging-2.1.jar:2.1]
	at com.sun.proxy.$Proxy2.processTestClass(Unknown Source) [na:na]
	at org.gradle.api.internal.tasks.testing.worker.TestWorker.processTestClass(TestWorker.java:105) [gradle-plugins-2.1.jar:2.1]
	at sun.reflect.NativeMethodAccessorImpl.invoke0(Native Method) ~[na:1.8.0_181]
	at sun.reflect.NativeMethodAccessorImpl.invoke(NativeMethodAccessorImpl.java:62) ~[na:1.8.0_181]
	at sun.reflect.DelegatingMethodAccessorImpl.invoke(DelegatingMethodAccessorImpl.java:43) ~[na:1.8.0_181]
	at java.lang.reflect.Method.invoke(Method.java:498) ~[na:1.8.0_181]
	at org.gradle.messaging.dispatch.ReflectionDispatch.dispatch(ReflectionDispatch.java:35) [gradle-messaging-2.1.jar:2.1]
	at org.gradle.messaging.dispatch.ReflectionDispatch.dispatch(ReflectionDispatch.java:24) [gradle-messaging-2.1.jar:2.1]
	at org.gradle.messaging.remote.internal.hub.MessageHub$Handler.run(MessageHub.java:355) [gradle-messaging-2.1.jar:2.1]
	at org.gradle.internal.concurrent.DefaultExecutorFactory$StoppableExecutorImpl$1.run(DefaultExecutorFactory.java:64) [gradle-base-services-2.1.jar:2.1]
	at java.util.concurrent.ThreadPoolExecutor.runWorker(ThreadPoolExecutor.java:1149) [na:1.8.0_181]
	at java.util.concurrent.ThreadPoolExecutor$Worker.run(ThreadPoolExecutor.java:624) [na:1.8.0_181]
	at java.lang.Thread.run(Thread.java:748) [na:1.8.0_181]
00:19:42.701 [Test worker] DEBUG o.s.c.e.PropertySourcesPropertyResolver - Searching for key 'spring.messages.basename' in [systemProperties]
00:19:42.701 [Test worker] DEBUG o.s.c.e.PropertySourcesPropertyResolver - Searching for key 'spring.messages.basename' in [systemEnvironment]
00:19:42.701 [Test worker] DEBUG o.s.c.e.PropertySourcesPropertyResolver - Could not find key 'spring.messages.basename' in any property source. Returning [null]
00:19:42.748 [Test worker] DEBUG o.s.c.i.s.PathMatchingResourcePatternResolver - Looking for matching resources in directory tree [/opt/Projects/PartsUnlimitedMRP/src/Backend/OrderService/build/classes/test]
00:19:42.749 [Test worker] DEBUG o.s.c.i.s.PathMatchingResourcePatternResolver - Searching directory [/opt/Projects/PartsUnlimitedMRP/src/Backend/OrderService/build/classes/test] for files matching pattern [/opt/Projects/PartsUnlimitedMRP/src/Backend/OrderService/build/classes/test/messages*.properties]
00:19:42.749 [Test worker] DEBUG o.s.c.i.s.PathMatchingResourcePatternResolver - Looking for matching resources in directory tree [/opt/Projects/PartsUnlimitedMRP/src/Backend/OrderService/build/resources/test]
00:19:42.749 [Test worker] DEBUG o.s.c.i.s.PathMatchingResourcePatternResolver - Searching directory [/opt/Projects/PartsUnlimitedMRP/src/Backend/OrderService/build/resources/test] for files matching pattern [/opt/Projects/PartsUnlimitedMRP/src/Backend/OrderService/build/resources/test/messages*.properties]
00:19:42.749 [Test worker] DEBUG o.s.c.i.s.PathMatchingResourcePatternResolver - Looking for matching resources in directory tree [/opt/Projects/PartsUnlimitedMRP/src/Backend/OrderService/build/classes/main]
00:19:42.749 [Test worker] DEBUG o.s.c.i.s.PathMatchingResourcePatternResolver - Searching directory [/opt/Projects/PartsUnlimitedMRP/src/Backend/OrderService/build/classes/main] for files matching pattern [/opt/Projects/PartsUnlimitedMRP/src/Backend/OrderService/build/classes/main/messages*.properties]
00:19:42.750 [Test worker] DEBUG o.s.c.i.s.PathMatchingResourcePatternResolver - Looking for matching resources in directory tree [/opt/Projects/PartsUnlimitedMRP/src/Backend/OrderService/build/resources/main]
00:19:42.750 [Test worker] DEBUG o.s.c.i.s.PathMatchingResourcePatternResolver - Searching directory [/opt/Projects/PartsUnlimitedMRP/src/Backend/OrderService/build/resources/main] for files matching pattern [/opt/Projects/PartsUnlimitedMRP/src/Backend/OrderService/build/resources/main/messages*.properties]
00:19:42.750 [Test worker] DEBUG o.s.c.i.s.PathMatchingResourcePatternResolver - Looking for matching resources in jar file [file:/root/.gradle/caches/2.1/workerMain/gradle-worker.jar]
00:19:42.750 [Test worker] DEBUG o.s.c.i.s.PathMatchingResourcePatternResolver - Looking for matching resources in jar file [file:/root/.gradle/caches/modules-2/files-2.1/org.springframework.boot/spring-boot-starter-web/1.1.7.RELEASE/fbd9a68b95d2267742ac1e276ef2781da666b20e/spring-boot-starter-web-1.1.7.RELEASE.jar]
00:19:42.751 [Test worker] DEBUG o.s.c.i.s.PathMatchingResourcePatternResolver - Looking for matching resources in jar file [file:/root/.gradle/caches/modules-2/files-2.1/org.springframework.boot/spring-boot-starter-actuator/1.1.7.RELEASE/f19f58dac234bd2ed78ea477af6db19e59dc9c51/spring-boot-starter-actuator-1.1.7.RELEASE.jar]
00:19:42.751 [Test worker] DEBUG o.s.c.i.s.PathMatchingResourcePatternResolver - Looking for matching resources in jar file [file:/root/.gradle/caches/modules-2/files-2.1/org.springframework.data/spring-data-mongodb/1.5.4.RELEASE/444d98e53ca4150d35542306bbae1b2f49290695/spring-data-mongodb-1.5.4.RELEASE.jar]
00:19:42.754 [Test worker] DEBUG o.s.c.i.s.PathMatchingResourcePatternResolver - Looking for matching resources in jar file [file:/root/.gradle/caches/modules-2/files-2.1/org.mongodb/mongo-java-driver/2.12.3/12b7358a7740af71a4a52349d014d526a7a26a65/mongo-java-driver-2.12.3.jar]
00:19:42.757 [Test worker] DEBUG o.s.c.i.s.PathMatchingResourcePatternResolver - Looking for matching resources in jar file [file:/root/.gradle/caches/modules-2/files-2.1/org.hibernate/hibernate-core/4.2.0.Final/8542d0dbc6a68509efe9033e804bfe36005ba805/hibernate-core-4.2.0.Final.jar]
00:19:42.767 [Test worker] DEBUG o.s.c.i.s.PathMatchingResourcePatternResolver - Looking for matching resources in jar file [file:/root/.m2/repository/org/stagemonitor/stagemonitor-jdbc/0.88.8/stagemonitor-jdbc-0.88.8.jar]
00:19:42.767 [Test worker] DEBUG o.s.c.i.s.PathMatchingResourcePatternResolver - Looking for matching resources in jar file [file:/root/.m2/repository/org/stagemonitor/stagemonitor-web-servlet/0.88.8/stagemonitor-web-servlet-0.88.8.jar]
00:19:42.768 [Test worker] DEBUG o.s.c.i.s.PathMatchingResourcePatternResolver - Looking for matching resources in jar file [file:/root/.m2/repository/org/stagemonitor/stagemonitor-alerting/0.88.8/stagemonitor-alerting-0.88.8.jar]
00:19:42.768 [Test worker] DEBUG o.s.c.i.s.PathMatchingResourcePatternResolver - Looking for matching resources in jar file [file:/root/.m2/repository/org/stagemonitor/stagemonitor-jvm/0.88.8/stagemonitor-jvm-0.88.8.jar]
00:19:42.769 [Test worker] DEBUG o.s.c.i.s.PathMatchingResourcePatternResolver - Looking for matching resources in jar file [file:/root/.gradle/caches/modules-2/files-2.1/org.stagemonitor/stagemonitor-os/0.88.8/5ff107f0c9465ef3a868a27cba83b45af36d28b/stagemonitor-os-0.88.8.jar]
00:19:42.769 [Test worker] DEBUG o.s.c.i.s.PathMatchingResourcePatternResolver - Looking for matching resources in jar file [file:/root/.m2/repository/org/stagemonitor/stagemonitor-configuration/0.88.8/stagemonitor-configuration-0.88.8.jar]
00:19:42.769 [Test worker] DEBUG o.s.c.i.s.PathMatchingResourcePatternResolver - Looking for matching resources in jar file [file:/root/.m2/repository/org/stagemonitor/stagemonitor-tracing-elasticsearch/0.88.8/stagemonitor-tracing-elasticsearch-0.88.8.jar]
00:19:42.769 [Test worker] DEBUG o.s.c.i.s.PathMatchingResourcePatternResolver - Looking for matching resources in jar file [file:/root/.m2/repository/org/stagemonitor/stagemonitor-tracing/0.88.8/stagemonitor-tracing-0.88.8.jar]
00:19:42.770 [Test worker] DEBUG o.s.c.i.s.PathMatchingResourcePatternResolver - Looking for matching resources in jar file [file:/root/.gradle/caches/modules-2/files-2.1/junit/junit/4.11/4e031bb61df09069aeb2bffb4019e7a5034a4ee0/junit-4.11.jar]
00:19:42.770 [Test worker] DEBUG o.s.c.i.s.PathMatchingResourcePatternResolver - Looking for matching resources in jar file [file:/root/.gradle/caches/modules-2/files-2.1/org.springframework.boot/spring-boot-starter/1.1.7.RELEASE/7a68efd7b7abb4f8a4e4dbc450a610ece7cacbea/spring-boot-starter-1.1.7.RELEASE.jar]
00:19:42.771 [Test worker] DEBUG o.s.c.i.s.PathMatchingResourcePatternResolver - Looking for matching resources in jar file [file:/root/.gradle/caches/modules-2/files-2.1/org.springframework.boot/spring-boot-starter-tomcat/1.1.7.RELEASE/6fddd262456789d40c37ec8817abd842f0030fd0/spring-boot-starter-tomcat-1.1.7.RELEASE.jar]
00:19:42.771 [Test worker] DEBUG o.s.c.i.s.PathMatchingResourcePatternResolver - Looking for matching resources in jar file [file:/root/.gradle/caches/modules-2/files-2.1/org.hibernate/hibernate-validator/5.0.3.Final/e0fa071d3ced426a05fc1a59d788cb72a1659c3c/hibernate-validator-5.0.3.Final.jar]
00:19:42.772 [Test worker] DEBUG o.s.c.i.s.PathMatchingResourcePatternResolver - Looking for matching resources in jar file [file:/root/.gradle/caches/modules-2/files-2.1/org.springframework/spring-core/4.0.7.RELEASE/777e9502c4c2de150918a746fa22734d3eff81e0/spring-core-4.0.7.RELEASE.jar]
00:19:42.774 [Test worker] DEBUG o.s.c.i.s.PathMatchingResourcePatternResolver - Looking for matching resources in jar file [file:/root/.gradle/caches/modules-2/files-2.1/org.springframework/spring-web/4.0.7.RELEASE/9c8505b6785bfe6b45bbdc8c8cbcda628feb21b1/spring-web-4.0.7.RELEASE.jar]
00:19:42.775 [Test worker] DEBUG o.s.c.i.s.PathMatchingResourcePatternResolver - Looking for matching resources in jar file [file:/root/.gradle/caches/modules-2/files-2.1/org.springframework/spring-webmvc/4.0.7.RELEASE/5d2de0ccee1d6cc02ec2d29c5440a762fd4345f6/spring-webmvc-4.0.7.RELEASE.jar]
00:19:42.777 [Test worker] DEBUG o.s.c.i.s.PathMatchingResourcePatternResolver - Looking for matching resources in jar file [file:/root/.gradle/caches/modules-2/files-2.1/org.springframework.boot/spring-boot-actuator/1.1.7.RELEASE/583b8f872e67d5fad3323787f1de3c7cb94ba88a/spring-boot-actuator-1.1.7.RELEASE.jar]
00:19:42.785 [Test worker] DEBUG o.s.c.i.s.PathMatchingResourcePatternResolver - Looking for matching resources in jar file [file:/root/.gradle/caches/modules-2/files-2.1/org.springframework/spring-tx/3.2.10.RELEASE/3ce819d1dc339999016ee36e0e88e1fc40efcf32/spring-tx-3.2.10.RELEASE.jar]
00:19:42.785 [Test worker] DEBUG o.s.c.i.s.PathMatchingResourcePatternResolver - Looking for matching resources in jar file [file:/root/.gradle/caches/modules-2/files-2.1/org.springframework.data/spring-data-commons/1.8.4.RELEASE/a3b563d1cbacee9ae4a5d5642fa04f5c1e6aa72d/spring-data-commons-1.8.4.RELEASE.jar]
00:19:42.787 [Test worker] DEBUG o.s.c.i.s.PathMatchingResourcePatternResolver - Looking for matching resources in jar file [file:/root/.gradle/caches/modules-2/files-2.1/org.slf4j/jcl-over-slf4j/1.7.7/56003dcd0a31deea6391b9e2ef2f2dc90b205a92/jcl-over-slf4j-1.7.7.jar]
00:19:42.787 [Test worker] DEBUG o.s.c.i.s.PathMatchingResourcePatternResolver - Looking for matching resources in jar file [file:/root/.gradle/caches/modules-2/files-2.1/antlr/antlr/2.7.7/83cd2cd674a217ade95a4bb83a8a14f351f48bd0/antlr-2.7.7.jar]
00:19:42.787 [Test worker] DEBUG o.s.c.i.s.PathMatchingResourcePatternResolver - Looking for matching resources in jar file [file:/root/.gradle/caches/modules-2/files-2.1/org.jboss.spec.javax.transaction/jboss-transaction-api_1.1_spec/1.0.0.Final/2ab6236535e085d86f37fd97ddfdd35c88c1a419/jboss-transaction-api_1.1_spec-1.0.0.Final.jar]
00:19:42.787 [Test worker] DEBUG o.s.c.i.s.PathMatchingResourcePatternResolver - Looking for matching resources in jar file [file:/root/.gradle/caches/modules-2/files-2.1/dom4j/dom4j/1.6.1/5d3ccc056b6f056dbf0dddfdf43894b9065a8f94/dom4j-1.6.1.jar]
00:19:42.788 [Test worker] DEBUG o.s.c.i.s.PathMatchingResourcePatternResolver - Looking for matching resources in jar file [file:/root/.gradle/caches/modules-2/files-2.1/org.hibernate.javax.persistence/hibernate-jpa-2.0-api/1.0.1.Final/3306a165afa81938fc3d8a0948e891de9f6b192b/hibernate-jpa-2.0-api-1.0.1.Final.jar]
00:19:42.788 [Test worker] DEBUG o.s.c.i.s.PathMatchingResourcePatternResolver - Looking for matching resources in jar file [file:/root/.gradle/caches/modules-2/files-2.1/org.javassist/javassist/3.15.0-GA/79907309ca4bb4e5e51d4086cc4179b2611358d7/javassist-3.15.0-GA.jar]
00:19:42.790 [Test worker] DEBUG o.s.c.i.s.PathMatchingResourcePatternResolver - Looking for matching resources in jar file [file:/root/.gradle/caches/modules-2/files-2.1/org.hibernate.common/hibernate-commons-annotations/4.0.1.Final/78bcf608d997d0529be2f4f781fdc89e801c9e88/hibernate-commons-annotations-4.0.1.Final.jar]
00:19:42.790 [Test worker] DEBUG o.s.c.i.s.PathMatchingResourcePatternResolver - Looking for matching resources in jar file [file:/root/.m2/repository/p6spy/p6spy/3.0.0/p6spy-3.0.0.jar]
00:19:42.790 [Test worker] DEBUG o.s.c.i.s.PathMatchingResourcePatternResolver - Looking for matching resources in jar file [file:/root/.m2/repository/io/dropwizard/metrics/metrics-json/3.2.4/metrics-json-3.2.4.jar]
00:19:42.791 [Test worker] DEBUG o.s.c.i.s.PathMatchingResourcePatternResolver - Looking for matching resources in jar file [file:/root/.m2/repository/javax/mail/mail/1.4.1/mail-1.4.1.jar]
00:19:42.791 [Test worker] DEBUG o.s.c.i.s.PathMatchingResourcePatternResolver - Looking for matching resources in jar file [file:/root/.m2/repository/org/freemarker/freemarker/2.3.23/freemarker-2.3.23.jar]
00:19:42.793 [Test worker] DEBUG o.s.c.i.s.PathMatchingResourcePatternResolver - Looking for matching resources in jar file [file:/root/.m2/repository/org/stagemonitor/stagemonitor-core/0.88.8/stagemonitor-core-0.88.8.jar]
00:19:42.798 [Test worker] DEBUG o.s.c.i.s.PathMatchingResourcePatternResolver - Looking for matching resources in jar file [file:/root/.m2/repository/io/dropwizard/metrics/metrics-jvm/3.2.4/metrics-jvm-3.2.4.jar]
00:19:42.798 [Test worker] DEBUG o.s.c.i.s.PathMatchingResourcePatternResolver - Looking for matching resources in jar file [file:/root/.gradle/caches/modules-2/files-2.1/org.fusesource/sigar/1.6.4/e91a355d337a0b1991f54181627d63c9973624c3/sigar-1.6.4.jar]
00:19:42.799 [Test worker] DEBUG o.s.c.i.s.PathMatchingResourcePatternResolver - Looking for matching resources in jar file [file:/root/.m2/repository/io/jaegertracing/jaeger-core/0.31.0/jaeger-core-0.31.0.jar]
00:19:42.799 [Test worker] DEBUG o.s.c.i.s.PathMatchingResourcePatternResolver - Looking for matching resources in jar file [file:/root/.m2/repository/io/jaegertracing/jaeger-thrift/0.31.0/jaeger-thrift-0.31.0.jar]
00:19:42.800 [Test worker] DEBUG o.s.c.i.s.PathMatchingResourcePatternResolver - Looking for matching resources in jar file [file:/root/.m2/repository/io/jaegertracing/jaeger-zipkin/0.31.0/jaeger-zipkin-0.31.0.jar]
00:19:42.800 [Test worker] DEBUG o.s.c.i.s.PathMatchingResourcePatternResolver - Looking for matching resources in jar file [file:/root/.m2/repository/io/opentracing/opentracing-util/0.31.0/opentracing-util-0.31.0.jar]
00:19:42.801 [Test worker] DEBUG o.s.c.i.s.PathMatchingResourcePatternResolver - Looking for matching resources in jar file [file:/root/.gradle/caches/modules-2/files-2.1/org.hamcrest/hamcrest-core/1.3/42a25dc3219429f0e5d060061f71acb49bf010a0/hamcrest-core-1.3.jar]
00:19:42.801 [Test worker] DEBUG o.s.c.i.s.PathMatchingResourcePatternResolver - Looking for matching resources in jar file [file:/root/.gradle/caches/modules-2/files-2.1/org.springframework.boot/spring-boot/1.1.7.RELEASE/a41a91fb3f33e684efd0e728bb1548a009579ac9/spring-boot-1.1.7.RELEASE.jar]
00:19:42.802 [Test worker] DEBUG o.s.c.i.s.PathMatchingResourcePatternResolver - Looking for matching resources in jar file [file:/root/.gradle/caches/modules-2/files-2.1/org.springframework.boot/spring-boot-autoconfigure/1.1.7.RELEASE/ada61e221cd841c7fd2334fe5f636916a2645220/spring-boot-autoconfigure-1.1.7.RELEASE.jar]
00:19:42.803 [Test worker] DEBUG o.s.c.i.s.PathMatchingResourcePatternResolver - Looking for matching resources in jar file [file:/root/.gradle/caches/modules-2/files-2.1/org.springframework.boot/spring-boot-starter-logging/1.1.7.RELEASE/d51922fb607842acd90c2de736f8c72c98380bd7/spring-boot-starter-logging-1.1.7.RELEASE.jar]
00:19:42.803 [Test worker] DEBUG o.s.c.i.s.PathMatchingResourcePatternResolver - Looking for matching resources in jar file [file:/root/.gradle/caches/modules-2/files-2.1/org.yaml/snakeyaml/1.13/73cbb494a912866c4c831a178c3a2a9169f4eaad/snakeyaml-1.13.jar]
00:19:42.804 [Test worker] DEBUG o.s.c.i.s.PathMatchingResourcePatternResolver - Looking for matching resources in jar file [file:/root/.gradle/caches/modules-2/files-2.1/org.apache.tomcat.embed/tomcat-embed-core/7.0.55/67713e23a79934697f7f89e8a1382586117f7291/tomcat-embed-core-7.0.55.jar]
00:19:42.814 [Test worker] DEBUG o.s.c.i.s.PathMatchingResourcePatternResolver - Looking for matching resources in jar file [file:/root/.gradle/caches/modules-2/files-2.1/org.apache.tomcat.embed/tomcat-embed-el/7.0.55/fe614bb874f8fa1d5a9427d7b4afd2236607be4a/tomcat-embed-el-7.0.55.jar]
00:19:42.815 [Test worker] DEBUG o.s.c.i.s.PathMatchingResourcePatternResolver - Looking for matching resources in jar file [file:/root/.gradle/caches/modules-2/files-2.1/org.apache.tomcat.embed/tomcat-embed-logging-juli/7.0.55/76c2066b1fadcee51f1a2b75238f8916701003d8/tomcat-embed-logging-juli-7.0.55.jar]
00:19:42.815 [Test worker] DEBUG o.s.c.i.s.PathMatchingResourcePatternResolver - Looking for matching resources in jar file [file:/root/.gradle/caches/modules-2/files-2.1/javax.validation/validation-api/1.1.0.Final/8613ae82954779d518631e05daa73a6a954817d5/validation-api-1.1.0.Final.jar]
00:19:42.815 [Test worker] DEBUG o.s.c.i.s.PathMatchingResourcePatternResolver - Looking for matching resources in jar file [file:/root/.gradle/caches/modules-2/files-2.1/com.fasterxml/classmate/1.0.0/434efef28c81162b17c540e634cffa3bd9b09b4c/classmate-1.0.0.jar]
00:19:42.816 [Test worker] DEBUG o.s.c.i.s.PathMatchingResourcePatternResolver - Looking for matching resources in jar file [file:/root/.gradle/caches/modules-2/files-2.1/org.springframework/spring-aop/4.0.7.RELEASE/caadec5dc4ea4899d89004ff46053f8e391e0343/spring-aop-4.0.7.RELEASE.jar]
00:19:42.816 [Test worker] DEBUG o.s.c.i.s.PathMatchingResourcePatternResolver - Looking for matching resources in jar file [file:/root/.m2/repository/io/dropwizard/metrics/metrics-core/3.2.4/metrics-core-3.2.4.jar]
00:19:42.817 [Test worker] DEBUG o.s.c.i.s.PathMatchingResourcePatternResolver - Looking for matching resources in jar file [file:/root/.m2/repository/javax/activation/activation/1.1/activation-1.1.jar]
00:19:42.817 [Test worker] DEBUG o.s.c.i.s.PathMatchingResourcePatternResolver - Looking for matching resources in jar file [file:/root/.m2/repository/io/dropwizard/metrics/metrics-graphite/3.2.4/metrics-graphite-3.2.4.jar]
00:19:42.817 [Test worker] DEBUG o.s.c.i.s.PathMatchingResourcePatternResolver - Looking for matching resources in jar file [file:/root/.m2/repository/io/dropwizard/metrics/metrics-annotation/3.2.4/metrics-annotation-3.2.4.jar]
00:19:42.817 [Test worker] DEBUG o.s.c.i.s.PathMatchingResourcePatternResolver - Looking for matching resources in jar file [file:/root/.m2/repository/io/dropwizard/metrics/metrics-healthchecks/3.2.4/metrics-healthchecks-3.2.4.jar]
00:19:42.818 [Test worker] DEBUG o.s.c.i.s.PathMatchingResourcePatternResolver - Looking for matching resources in jar file [file:/root/.m2/repository/com/fasterxml/jackson/module/jackson-module-afterburner/2.9.6/jackson-module-afterburner-2.9.6.jar]
00:19:42.818 [Test worker] DEBUG o.s.c.i.s.PathMatchingResourcePatternResolver - Looking for matching resources in jar file [file:/root/.m2/repository/net/bytebuddy/byte-buddy/1.8.11/byte-buddy-1.8.11.jar]
00:19:42.823 [Test worker] DEBUG o.s.c.i.s.PathMatchingResourcePatternResolver - Looking for matching resources in jar file [file:/root/.m2/repository/net/bytebuddy/byte-buddy-agent/1.8.11/byte-buddy-agent-1.8.11.jar]
00:19:42.824 [Test worker] DEBUG o.s.c.i.s.PathMatchingResourcePatternResolver - Looking for matching resources in jar file [file:/root/.gradle/caches/modules-2/files-2.1/log4j/log4j/1.2.15/f0a0d2e29ed910808c33135a3a5a51bba6358f7b/log4j-1.2.15.jar]
00:19:42.830 [Test worker] DEBUG o.s.c.i.s.PathMatchingResourcePatternResolver - Looking for matching resources in jar file [file:/root/.m2/repository/io/opentracing/opentracing-api/0.31.0/opentracing-api-0.31.0.jar]
00:19:42.831 [Test worker] DEBUG o.s.c.i.s.PathMatchingResourcePatternResolver - Looking for matching resources in jar file [file:/root/.m2/repository/com/google/code/gson/gson/2.8.2/gson-2.8.2.jar]
00:19:42.831 [Test worker] DEBUG o.s.c.i.s.PathMatchingResourcePatternResolver - Looking for matching resources in jar file [file:/root/.m2/repository/org/apache/thrift/libthrift/0.11.0/libthrift-0.11.0.jar]
00:19:42.832 [Test worker] DEBUG o.s.c.i.s.PathMatchingResourcePatternResolver - Looking for matching resources in jar file [file:/root/.m2/repository/com/squareup/okhttp3/okhttp/3.9.0/okhttp-3.9.0.jar]
00:19:42.832 [Test worker] DEBUG o.s.c.i.s.PathMatchingResourcePatternResolver - Looking for matching resources in jar file [file:/root/.m2/repository/io/jaegertracing/jaeger-client/0.31.0/jaeger-client-0.31.0.jar]
00:19:42.832 [Test worker] DEBUG o.s.c.i.s.PathMatchingResourcePatternResolver - Looking for matching resources in jar file [file:/root/.m2/repository/io/zipkin/reporter2/zipkin-sender-urlconnection/2.7.6/zipkin-sender-urlconnection-2.7.6.jar]
00:19:42.833 [Test worker] DEBUG o.s.c.i.s.PathMatchingResourcePatternResolver - Looking for matching resources in jar file [file:/root/.m2/repository/io/opentracing/opentracing-noop/0.31.0/opentracing-noop-0.31.0.jar]
00:19:42.833 [Test worker] DEBUG o.s.c.i.s.PathMatchingResourcePatternResolver - Looking for matching resources in jar file [file:/root/.gradle/caches/modules-2/files-2.1/org.slf4j/jul-to-slf4j/1.7.7/def21bc1a6e648ee40b41a84f1db443132913105/jul-to-slf4j-1.7.7.jar]
00:19:42.833 [Test worker] DEBUG o.s.c.i.s.PathMatchingResourcePatternResolver - Looking for matching resources in jar file [file:/root/.gradle/caches/modules-2/files-2.1/org.slf4j/log4j-over-slf4j/1.7.7/d521cb26a9c4407caafcec302e7804b048b07cea/log4j-over-slf4j-1.7.7.jar]
00:19:42.833 [Test worker] DEBUG o.s.c.i.s.PathMatchingResourcePatternResolver - Looking for matching resources in jar file [file:/root/.gradle/caches/modules-2/files-2.1/ch.qos.logback/logback-classic/1.1.2/b316e9737eea25e9ddd6d88eaeee76878045c6b2/logback-classic-1.1.2.jar]
00:19:42.834 [Test worker] DEBUG o.s.c.i.s.PathMatchingResourcePatternResolver - Looking for matching resources in jar file [file:/root/.gradle/caches/modules-2/files-2.1/aopalliance/aopalliance/1.0/235ba8b489512805ac13a8f9ea77a1ca5ebe3e8/aopalliance-1.0.jar]
00:19:42.834 [Test worker] DEBUG o.s.c.i.s.PathMatchingResourcePatternResolver - Looking for matching resources in jar file [file:/root/.m2/repository/com/squareup/okio/okio/1.13.0/okio-1.13.0.jar]
00:19:42.834 [Test worker] DEBUG o.s.c.i.s.PathMatchingResourcePatternResolver - Looking for matching resources in jar file [file:/root/.m2/repository/io/jaegertracing/jaeger-tracerresolver/0.31.0/jaeger-tracerresolver-0.31.0.jar]
00:19:42.834 [Test worker] DEBUG o.s.c.i.s.PathMatchingResourcePatternResolver - Looking for matching resources in jar file [file:/root/.m2/repository/io/zipkin/reporter2/zipkin-reporter/2.7.6/zipkin-reporter-2.7.6.jar]
00:19:42.834 [Test worker] DEBUG o.s.c.i.s.PathMatchingResourcePatternResolver - Looking for matching resources in jar file [file:/root/.m2/repository/io/zipkin/zipkin2/zipkin/2.9.4/zipkin-2.9.4.jar]
00:19:42.835 [Test worker] DEBUG o.s.c.i.s.PathMatchingResourcePatternResolver - Looking for matching resources in jar file [file:/root/.gradle/caches/modules-2/files-2.1/ch.qos.logback/logback-core/1.1.2/2d23694879c2c12f125dac5076bdfd5d771cc4cb/logback-core-1.1.2.jar]
00:19:42.838 [Test worker] DEBUG o.s.c.i.s.PathMatchingResourcePatternResolver - Looking for matching resources in jar file [file:/root/.m2/repository/io/opentracing/contrib/opentracing-tracerresolver/0.1.4/opentracing-tracerresolver-0.1.4.jar]
00:19:42.838 [Test worker] DEBUG o.s.c.i.s.PathMatchingResourcePatternResolver - Looking for matching resources in jar file [file:/root/.gradle/caches/modules-2/files-2.1/com.microsoft.azure/applicationinsights-core/1.0.10/c3d9e426516d32bc39706766aa7fdf53fbb992d7/applicationinsights-core-1.0.10.jar]
[...]
	at org.springframework.context.support.DefaultLifecycleProcessor.doStart(DefaultLifecycleProcessor.java:173) [spring-context-4.0.7.RELEASE.jar:4.0.7.RELEASE]
	at org.springframework.context.support.DefaultLifecycleProcessor.access$200(DefaultLifecycleProcessor.java:51) [spring-context-4.0.7.RELEASE.jar:4.0.7.RELEASE]
	at org.springframework.context.support.DefaultLifecycleProcessor$LifecycleGroup.start(DefaultLifecycleProcessor.java:346) [spring-context-4.0.7.RELEASE.jar:4.0.7.RELEASE]
	at org.springframework.context.support.DefaultLifecycleProcessor.startBeans(DefaultLifecycleProcessor.java:149) [spring-context-4.0.7.RELEASE.jar:4.0.7.RELEASE]
	at org.springframework.context.support.DefaultLifecycleProcessor.onRefresh(DefaultLifecycleProcessor.java:112) [spring-context-4.0.7.RELEASE.jar:4.0.7.RELEASE]
	at org.springframework.context.support.AbstractApplicationContext.finishRefresh(AbstractApplicationContext.java:775) [spring-context-4.0.7.RELEASE.jar:4.0.7.RELEASE]
	at org.springframework.context.support.AbstractApplicationContext.refresh(AbstractApplicationContext.java:485) [spring-context-4.0.7.RELEASE.jar:4.0.7.RELEASE]
	at org.springframework.context.annotation.AnnotationConfigApplicationContext.<init>(AnnotationConfigApplicationContext.java:84) [spring-context-4.0.7.RELEASE.jar:4.0.7.RELEASE]
	at smpl.ordering.ConfigurationRule.apply(ConfigurationRule.java:18) [test/:na]
	at org.junit.rules.RunRules.applyAll(RunRules.java:26) [junit-4.11.jar:na]
	at org.junit.rules.RunRules.<init>(RunRules.java:15) [junit-4.11.jar:na]
	at org.junit.runners.BlockJUnit4ClassRunner.withTestRules(BlockJUnit4ClassRunner.java:379) [junit-4.11.jar:na]
	at org.junit.runners.BlockJUnit4ClassRunner.withRules(BlockJUnit4ClassRunner.java:340) [junit-4.11.jar:na]
	at org.junit.runners.BlockJUnit4ClassRunner.methodBlock(BlockJUnit4ClassRunner.java:256) [junit-4.11.jar:na]
	at org.junit.runners.BlockJUnit4ClassRunner.runChild(BlockJUnit4ClassRunner.java:70) [junit-4.11.jar:na]
	at org.junit.runners.BlockJUnit4ClassRunner.runChild(BlockJUnit4ClassRunner.java:50) [junit-4.11.jar:na]
	at org.junit.runners.ParentRunner$3.run(ParentRunner.java:238) [junit-4.11.jar:na]
	at org.junit.runners.ParentRunner$1.schedule(ParentRunner.java:63) [junit-4.11.jar:na]
	at org.junit.runners.ParentRunner.runChildren(ParentRunner.java:236) [junit-4.11.jar:na]
	at org.junit.runners.ParentRunner.access$000(ParentRunner.java:53) [junit-4.11.jar:na]
	at org.junit.runners.ParentRunner$2.evaluate(ParentRunner.java:229) [junit-4.11.jar:na]
	at org.junit.runners.ParentRunner.run(ParentRunner.java:309) [junit-4.11.jar:na]
	at org.gradle.api.internal.tasks.testing.junit.JUnitTestClassExecuter.runTestClass(JUnitTestClassExecuter.java:86) [gradle-plugins-2.1.jar:2.1]
	at org.gradle.api.internal.tasks.testing.junit.JUnitTestClassExecuter.execute(JUnitTestClassExecuter.java:49) [gradle-plugins-2.1.jar:2.1]
	at org.gradle.api.internal.tasks.testing.junit.JUnitTestClassProcessor.processTestClass(JUnitTestClassProcessor.java:69) [gradle-plugins-2.1.jar:2.1]
	at org.gradle.api.internal.tasks.testing.SuiteTestClassProcessor.processTestClass(SuiteTestClassProcessor.java:48) [gradle-plugins-2.1.jar:2.1]
	at sun.reflect.NativeMethodAccessorImpl.invoke0(Native Method) ~[na:1.8.0_181]
	at sun.reflect.NativeMethodAccessorImpl.invoke(NativeMethodAccessorImpl.java:62) ~[na:1.8.0_181]
	at sun.reflect.DelegatingMethodAccessorImpl.invoke(DelegatingMethodAccessorImpl.java:43) ~[na:1.8.0_181]
	at java.lang.reflect.Method.invoke(Method.java:498) ~[na:1.8.0_181]
	at org.gradle.messaging.dispatch.ReflectionDispatch.dispatch(ReflectionDispatch.java:35) [gradle-messaging-2.1.jar:2.1]
	at org.gradle.messaging.dispatch.ReflectionDispatch.dispatch(ReflectionDispatch.java:24) [gradle-messaging-2.1.jar:2.1]
	at org.gradle.messaging.dispatch.ContextClassLoaderDispatch.dispatch(ContextClassLoaderDispatch.java:32) [gradle-messaging-2.1.jar:2.1]
	at org.gradle.messaging.dispatch.ProxyDispatchAdapter$DispatchingInvocationHandler.invoke(ProxyDispatchAdapter.java:93) [gradle-messaging-2.1.jar:2.1]
	at com.sun.proxy.$Proxy2.processTestClass(Unknown Source) [na:na]
	at org.gradle.api.internal.tasks.testing.worker.TestWorker.processTestClass(TestWorker.java:105) [gradle-plugins-2.1.jar:2.1]
	at sun.reflect.NativeMethodAccessorImpl.invoke0(Native Method) ~[na:1.8.0_181]
	at sun.reflect.NativeMethodAccessorImpl.invoke(NativeMethodAccessorImpl.java:62) ~[na:1.8.0_181]
	at sun.reflect.DelegatingMethodAccessorImpl.invoke(DelegatingMethodAccessorImpl.java:43) ~[na:1.8.0_181]
	at java.lang.reflect.Method.invoke(Method.java:498) ~[na:1.8.0_181]
	at org.gradle.messaging.dispatch.ReflectionDispatch.dispatch(ReflectionDispatch.java:35) [gradle-messaging-2.1.jar:2.1]
	at org.gradle.messaging.dispatch.ReflectionDispatch.dispatch(ReflectionDispatch.java:24) [gradle-messaging-2.1.jar:2.1]
	at org.gradle.messaging.remote.internal.hub.MessageHub$Handler.run(MessageHub.java:355) [gradle-messaging-2.1.jar:2.1]
	at org.gradle.internal.concurrent.DefaultExecutorFactory$StoppableExecutorImpl$1.run(DefaultExecutorFactory.java:64) [gradle-base-services-2.1.jar:2.1]
	at java.util.concurrent.ThreadPoolExecutor.runWorker(ThreadPoolExecutor.java:1149) [na:1.8.0_181]
	at java.util.concurrent.ThreadPoolExecutor$Worker.run(ThreadPoolExecutor.java:624) [na:1.8.0_181]
	at java.lang.Thread.run(Thread.java:748) [na:1.8.0_181]
Caused by: javax.management.InstanceAlreadyExistsException: org.springframework.boot:type=Endpoint,name=shutdownEndpoint
	at com.sun.jmx.mbeanserver.Repository.addMBean(Repository.java:437) ~[na:1.8.0_181]
	at com.sun.jmx.interceptor.DefaultMBeanServerInterceptor.registerWithRepository(DefaultMBeanServerInterceptor.java:1898) ~[na:1.8.0_181]
	at com.sun.jmx.interceptor.DefaultMBeanServerInterceptor.registerDynamicMBean(DefaultMBeanServerInterceptor.java:966) ~[na:1.8.0_181]
	at com.sun.jmx.interceptor.DefaultMBeanServerInterceptor.registerObject(DefaultMBeanServerInterceptor.java:900) ~[na:1.8.0_181]
	at com.sun.jmx.interceptor.DefaultMBeanServerInterceptor.registerMBean(DefaultMBeanServerInterceptor.java:324) ~[na:1.8.0_181]
	at com.sun.jmx.mbeanserver.JmxMBeanServer.registerMBean(JmxMBeanServer.java:522) ~[na:1.8.0_181]
	at org.springframework.jmx.support.MBeanRegistrationSupport.doRegister(MBeanRegistrationSupport.java:195) ~[spring-context-4.0.7.RELEASE.jar:4.0.7.RELEASE]
	at org.springframework.jmx.export.MBeanExporter.registerBeanInstance(MBeanExporter.java:662) ~[spring-context-4.0.7.RELEASE.jar:4.0.7.RELEASE]
	at org.springframework.jmx.export.MBeanExporter.registerBeanNameOrInstance(MBeanExporter.java:605) ~[spring-context-4.0.7.RELEASE.jar:4.0.7.RELEASE]
	... 51 common frames omitted
00:19:47.100 [Test worker] INFO  o.s.b.a.e.jmx.EndpointMBeanExporter - Located managed bean 'configurationPropertiesReportEndpoint': registering with JMX server as MBean [org.springframework.boot:type=Endpoint,name=configurationPropertiesReportEndpoint]
00:19:47.102 [Test worker] ERROR o.s.b.a.e.jmx.EndpointMBeanExporter - Could not register MBean for endpoint [configurationPropertiesReportEndpoint]
org.springframework.jmx.export.UnableToRegisterMBeanException: Unable to register MBean [org.springframework.boot.actuate.endpoint.jmx.DataEndpointMBean@25d9e6cb] with key 'configurationPropertiesReportEndpoint'; nested exception is javax.management.InstanceAlreadyExistsException: org.springframework.boot:type=Endpoint,name=configurationPropertiesReportEndpoint
	at org.springframework.jmx.export.MBeanExporter.registerBeanNameOrInstance(MBeanExporter.java:609) ~[spring-context-4.0.7.RELEASE.jar:4.0.7.RELEASE]
	at org.springframework.boot.actuate.endpoint.jmx.EndpointMBeanExporter.registerEndpoint(EndpointMBeanExporter.java:162) [spring-boot-actuator-1.1.7.RELEASE.jar:1.1.7.RELEASE]
	at org.springframework.boot.actuate.endpoint.jmx.EndpointMBeanExporter.locateAndRegisterEndpoints(EndpointMBeanExporter.java:142) [spring-boot-actuator-1.1.7.RELEASE.jar:1.1.7.RELEASE]
	at org.springframework.boot.actuate.endpoint.jmx.EndpointMBeanExporter.doStart(EndpointMBeanExporter.java:134) [spring-boot-actuator-1.1.7.RELEASE.jar:1.1.7.RELEASE]
	at org.springframework.boot.actuate.endpoint.jmx.EndpointMBeanExporter.start(EndpointMBeanExporter.java:257) [spring-boot-actuator-1.1.7.RELEASE.jar:1.1.7.RELEASE]
	at org.springframework.context.support.DefaultLifecycleProcessor.doStart(DefaultLifecycleProcessor.java:173) [spring-context-4.0.7.RELEASE.jar:4.0.7.RELEASE]
	at org.springframework.context.support.DefaultLifecycleProcessor.access$200(DefaultLifecycleProcessor.java:51) [spring-context-4.0.7.RELEASE.jar:4.0.7.RELEASE]
	at org.springframework.context.support.DefaultLifecycleProcessor$LifecycleGroup.start(DefaultLifecycleProcessor.java:346) [spring-context-4.0.7.RELEASE.jar:4.0.7.RELEASE]
	at org.springframework.context.support.DefaultLifecycleProcessor.startBeans(DefaultLifecycleProcessor.java:149) [spring-context-4.0.7.RELEASE.jar:4.0.7.RELEASE]
	at org.springframework.context.support.DefaultLifecycleProcessor.onRefresh(DefaultLifecycleProcessor.java:112) [spring-context-4.0.7.RELEASE.jar:4.0.7.RELEASE]
	at org.springframework.context.support.AbstractApplicationContext.finishRefresh(AbstractApplicationContext.java:775) [spring-context-4.0.7.RELEASE.jar:4.0.7.RELEASE]
	at org.springframework.context.support.AbstractApplicationContext.refresh(AbstractApplicationContext.java:485) [spring-context-4.0.7.RELEASE.jar:4.0.7.RELEASE]
	at org.springframework.context.annotation.AnnotationConfigApplicationContext.<init>(AnnotationConfigApplicationContext.java:84) [spring-context-4.0.7.RELEASE.jar:4.0.7.RELEASE]
	at smpl.ordering.ConfigurationRule.apply(ConfigurationRule.java:18) [test/:na]
	at org.junit.rules.RunRules.applyAll(RunRules.java:26) [junit-4.11.jar:na]
	at org.junit.rules.RunRules.<init>(RunRules.java:15) [junit-4.11.jar:na]
	at org.junit.runners.BlockJUnit4ClassRunner.withTestRules(BlockJUnit4ClassRunner.java:379) [junit-4.11.jar:na]
	at org.junit.runners.BlockJUnit4ClassRunner.withRules(BlockJUnit4ClassRunner.java:340) [junit-4.11.jar:na]
	at org.junit.runners.BlockJUnit4ClassRunner.methodBlock(BlockJUnit4ClassRunner.java:256) [junit-4.11.jar:na]
	at org.junit.runners.BlockJUnit4ClassRunner.runChild(BlockJUnit4ClassRunner.java:70) [junit-4.11.jar:na]
	at org.junit.runners.BlockJUnit4ClassRunner.runChild(BlockJUnit4ClassRunner.java:50) [junit-4.11.jar:na]
	at org.junit.runners.ParentRunner$3.run(ParentRunner.java:238) [junit-4.11.jar:na]
	at org.junit.runners.ParentRunner$1.schedule(ParentRunner.java:63) [junit-4.11.jar:na]
	at org.junit.runners.ParentRunner.runChildren(ParentRunner.java:236) [junit-4.11.jar:na]
	at org.junit.runners.ParentRunner.access$000(ParentRunner.java:53) [junit-4.11.jar:na]
	at org.junit.runners.ParentRunner$2.evaluate(ParentRunner.java:229) [junit-4.11.jar:na]
	at org.junit.runners.ParentRunner.run(ParentRunner.java:309) [junit-4.11.jar:na]
	at org.gradle.api.internal.tasks.testing.junit.JUnitTestClassExecuter.runTestClass(JUnitTestClassExecuter.java:86) [gradle-plugins-2.1.jar:2.1]
	at org.gradle.api.internal.tasks.testing.junit.JUnitTestClassExecuter.execute(JUnitTestClassExecuter.java:49) [gradle-plugins-2.1.jar:2.1]
	at org.gradle.api.internal.tasks.testing.junit.JUnitTestClassProcessor.processTestClass(JUnitTestClassProcessor.java:69) [gradle-plugins-2.1.jar:2.1]
	at org.gradle.api.internal.tasks.testing.SuiteTestClassProcessor.processTestClass(SuiteTestClassProcessor.java:48) [gradle-plugins-2.1.jar:2.1]
	at sun.reflect.NativeMethodAccessorImpl.invoke0(Native Method) ~[na:1.8.0_181]
	at sun.reflect.NativeMethodAccessorImpl.invoke(NativeMethodAccessorImpl.java:62) ~[na:1.8.0_181]
	at sun.reflect.DelegatingMethodAccessorImpl.invoke(DelegatingMethodAccessorImpl.java:43) ~[na:1.8.0_181]
	at java.lang.reflect.Method.invoke(Method.java:498) ~[na:1.8.0_181]
	at org.gradle.messaging.dispatch.ReflectionDispatch.dispatch(ReflectionDispatch.java:35) [gradle-messaging-2.1.jar:2.1]
	at org.gradle.messaging.dispatch.ReflectionDispatch.dispatch(ReflectionDispatch.java:24) [gradle-messaging-2.1.jar:2.1]
	at org.gradle.messaging.dispatch.ContextClassLoaderDispatch.dispatch(ContextClassLoaderDispatch.java:32) [gradle-messaging-2.1.jar:2.1]
	at org.gradle.messaging.dispatch.ProxyDispatchAdapter$DispatchingInvocationHandler.invoke(ProxyDispatchAdapter.java:93) [gradle-messaging-2.1.jar:2.1]
	at com.sun.proxy.$Proxy2.processTestClass(Unknown Source) [na:na]
	at org.gradle.api.internal.tasks.testing.worker.TestWorker.processTestClass(TestWorker.java:105) [gradle-plugins-2.1.jar:2.1]
	at sun.reflect.NativeMethodAccessorImpl.invoke0(Native Method) ~[na:1.8.0_181]
	at sun.reflect.NativeMethodAccessorImpl.invoke(NativeMethodAccessorImpl.java:62) ~[na:1.8.0_181]
	at sun.reflect.DelegatingMethodAccessorImpl.invoke(DelegatingMethodAccessorImpl.java:43) ~[na:1.8.0_181]
	at java.lang.reflect.Method.invoke(Method.java:498) ~[na:1.8.0_181]
	at org.gradle.messaging.dispatch.ReflectionDispatch.dispatch(ReflectionDispatch.java:35) [gradle-messaging-2.1.jar:2.1]
	at org.gradle.messaging.dispatch.ReflectionDispatch.dispatch(ReflectionDispatch.java:24) [gradle-messaging-2.1.jar:2.1]
	at org.gradle.messaging.remote.internal.hub.MessageHub$Handler.run(MessageHub.java:355) [gradle-messaging-2.1.jar:2.1]
	at org.gradle.internal.concurrent.DefaultExecutorFactory$StoppableExecutorImpl$1.run(DefaultExecutorFactory.java:64) [gradle-base-services-2.1.jar:2.1]
	at java.util.concurrent.ThreadPoolExecutor.runWorker(ThreadPoolExecutor.java:1149) [na:1.8.0_181]
	at java.util.concurrent.ThreadPoolExecutor$Worker.run(ThreadPoolExecutor.java:624) [na:1.8.0_181]
	at java.lang.Thread.run(Thread.java:748) [na:1.8.0_181]
Caused by: javax.management.InstanceAlreadyExistsException: org.springframework.boot:type=Endpoint,name=configurationPropertiesReportEndpoint
	at com.sun.jmx.mbeanserver.Repository.addMBean(Repository.java:437) ~[na:1.8.0_181]
	at com.sun.jmx.interceptor.DefaultMBeanServerInterceptor.registerWithRepository(DefaultMBeanServerInterceptor.java:1898) ~[na:1.8.0_181]
	at com.sun.jmx.interceptor.DefaultMBeanServerInterceptor.registerDynamicMBean(DefaultMBeanServerInterceptor.java:966) ~[na:1.8.0_181]
	at com.sun.jmx.interceptor.DefaultMBeanServerInterceptor.registerObject(DefaultMBeanServerInterceptor.java:900) ~[na:1.8.0_181]
	at com.sun.jmx.interceptor.DefaultMBeanServerInterceptor.registerMBean(DefaultMBeanServerInterceptor.java:324) ~[na:1.8.0_181]
	at com.sun.jmx.mbeanserver.JmxMBeanServer.registerMBean(JmxMBeanServer.java:522) ~[na:1.8.0_181]
	at org.springframework.jmx.support.MBeanRegistrationSupport.doRegister(MBeanRegistrationSupport.java:195) ~[spring-context-4.0.7.RELEASE.jar:4.0.7.RELEASE]
	at org.springframework.jmx.export.MBeanExporter.registerBeanInstance(MBeanExporter.java:662) ~[spring-context-4.0.7.RELEASE.jar:4.0.7.RELEASE]
	at org.springframework.jmx.export.MBeanExporter.registerBeanNameOrInstance(MBeanExporter.java:605) ~[spring-context-4.0.7.RELEASE.jar:4.0.7.RELEASE]
	... 51 common frames omitted
00:19:47.103 [Test worker] DEBUG o.s.c.s.DefaultLifecycleProcessor - Successfully started bean 'endpointMBeanExporter'
00:19:47.103 [Test worker] DEBUG o.s.c.e.PropertySourcesPropertyResolver - Searching for key 'spring.liveBeansView.mbeanDomain' in [systemProperties]
00:19:47.103 [Test worker] DEBUG o.s.c.e.PropertySourcesPropertyResolver - Searching for key 'spring.liveBeansView.mbeanDomain' in [systemEnvironment]
00:19:47.103 [Test worker] DEBUG o.s.c.e.PropertySourcesPropertyResolver - Could not find key 'spring.liveBeansView.mbeanDomain' in any property source. Returning [null]
]]></system-out>
  <system-err><![CDATA[log4j:WARN No appenders could be found for logger (org.jboss.logging).
log4j:WARN Please initialize the log4j system properly.
AI: INFO 17-10-2018 00:19, 9: Configuration file has been successfully found as resource
AI: ERROR 17-10-2018 00:19, 9: Failed to create com.microsoft.applicationinsights.web.extensibility.initializers.WebOperationIdTelemetryInitializer, com.microsoft.applicationinsights.web.extensibility.initializers.WebOperationIdTelemetryInitializer
AI: ERROR 17-10-2018 00:19, 9: Failed to create com.microsoft.applicationinsights.web.extensibility.initializers.WebOperationNameTelemetryInitializer, com.microsoft.applicationinsights.web.extensibility.initializers.WebOperationNameTelemetryInitializer
AI: ERROR 17-10-2018 00:19, 9: Failed to create com.microsoft.applicationinsights.web.extensibility.initializers.WebSessionTelemetryInitializer, com.microsoft.applicationinsights.web.extensibility.initializers.WebSessionTelemetryInitializer
AI: ERROR 17-10-2018 00:19, 9: Failed to create com.microsoft.applicationinsights.web.extensibility.initializers.WebUserTelemetryInitializer, com.microsoft.applicationinsights.web.extensibility.initializers.WebUserTelemetryInitializer
AI: ERROR 17-10-2018 00:19, 9: Failed to create com.microsoft.applicationinsights.web.extensibility.initializers.WebUserAgentTelemetryInitializer, com.microsoft.applicationinsights.web.extensibility.initializers.WebUserAgentTelemetryInitializer
AI: ERROR 17-10-2018 00:19, 9: Failed to create com.microsoft.applicationinsights.web.extensibility.modules.WebRequestTrackingTelemetryModule, com.microsoft.applicationinsights.web.extensibility.modules.WebRequestTrackingTelemetryModule
AI: ERROR 17-10-2018 00:19, 9: Failed to create com.microsoft.applicationinsights.web.extensibility.modules.WebSessionTrackingTelemetryModule, com.microsoft.applicationinsights.web.extensibility.modules.WebSessionTrackingTelemetryModule
AI: ERROR 17-10-2018 00:19, 9: Failed to create com.microsoft.applicationinsights.web.extensibility.modules.WebUserTrackingTelemetryModule, com.microsoft.applicationinsights.web.extensibility.modules.WebUserTrackingTelemetryModule
AI: INFO 17-10-2018 00:19, 9: Configuration file has been successfully found as resource
AI: ERROR 17-10-2018 00:19, 9: Failed to create com.microsoft.applicationinsights.web.extensibility.initializers.WebOperationIdTelemetryInitializer, com.microsoft.applicationinsights.web.extensibility.initializers.WebOperationIdTelemetryInitializer
AI: ERROR 17-10-2018 00:19, 9: Failed to create com.microsoft.applicationinsights.web.extensibility.initializers.WebOperationNameTelemetryInitializer, com.microsoft.applicationinsights.web.extensibility.initializers.WebOperationNameTelemetryInitializer
AI: ERROR 17-10-2018 00:19, 9: Failed to create com.microsoft.applicationinsights.web.extensibility.initializers.WebSessionTelemetryInitializer, com.microsoft.applicationinsights.web.extensibility.initializers.WebSessionTelemetryInitializer
AI: ERROR 17-10-2018 00:19, 9: Failed to create com.microsoft.applicationinsights.web.extensibility.initializers.WebUserTelemetryInitializer, com.microsoft.applicationinsights.web.extensibility.initializers.WebUserTelemetryInitializer
AI: ERROR 17-10-2018 00:19, 9: Failed to create com.microsoft.applicationinsights.web.extensibility.initializers.WebUserAgentTelemetryInitializer, com.microsoft.applicationinsights.web.extensibility.initializers.WebUserAgentTelemetryInitializer
AI: ERROR 17-10-2018 00:19, 9: Failed to create com.microsoft.applicationinsights.web.extensibility.modules.WebRequestTrackingTelemetryModule, com.microsoft.applicationinsights.web.extensibility.modules.WebRequestTrackingTelemetryModule
AI: ERROR 17-10-2018 00:19, 9: Failed to create com.microsoft.applicationinsights.web.extensibility.modules.WebSessionTrackingTelemetryModule, com.microsoft.applicationinsights.web.extensibility.modules.WebSessionTrackingTelemetryModule
AI: ERROR 17-10-2018 00:19, 9: Failed to create com.microsoft.applicationinsights.web.extensibility.modules.WebUserTrackingTelemetryModule, com.microsoft.applicationinsights.web.extensibility.modules.WebUserTrackingTelemetryModule
]]></system-err>
</testsuite>
